<!DOCTYPE html>
<html>
  <head>
    <meta charset="utf-8"/>
    <title>Test Report</title>
    <link href="assets/style.css" rel="stylesheet" type="text/css"/></head><link rel="shortcut icon" href="data:image/gif;base64,iVBORw0KGgoAAAANSUhEUgAAAEcAAABHCAYAAABVsFofAAAAAXNSR0IArs4c6QAACThJREFUeAHlnH9sE+cZx587O3FIUuIxnARKISQRtImTdgy1gbIQIAKmAv2DsaWiW9UJbaumSZ20SRPSpk3b+GPqH/zVaVKkaVLpAqhSoRSxKgRXJClh6caPJKvWNE1oSAxetSS1k3Ni+3bf13nds3P2nX//2CvZ53vv/fE8Hz/v8/64e0+w/OqPMmUotFRuYjU9JgePRqudFWZpjmZY8hsPJ4xmSzqdOekSdAoAkNVkpQq5gqbu2ljq/hGdTBGXrTYbWYNZ6Zh9E3FY6QaVFjgbyiqooawmBOS+i2hY+Xy37DJT+73Gv0eoHzx947Bv/Hr9dE3kRedQLU3frWXR4+c6FFBBWBzUiGecJj2zkdmSPk8pHA5FeLCeJgdKQ0B2W6eotfF+wsJW28cIHxZe6CYOi4NqbFxPDVVTrOml0ppSBmd/5ZPEoWya+Zheq3w/KSCxSIZgLYMavXiESobtrOntb7JSqiwpaTjwKXCwIz02CkHZkqiVxN83BEGdDlnTTE8HcUt67+HtWIx1ryUFB9biuVtPcLCdj3ZSa8JQdOXUTcCtydk0RtyS9u8lSgZQQnDgW3aUPsms5fD8ZYrmYHU1ikwQv+FElsB8U7U9aEn3z5ykY3sq6IP52wk5bHFF6ToRANPo3kn952z0WnEn/bJGu+fRKSbtl2FJ646fYnJCXsgdb4gLDgdj6rtP/278DbVaE/Ut8YqZWHoA2tN5gkbvjbE/NF5AhuGowZzf8mZi0urkSkGr0qxhx8nTCQEyBCcTYIJapQsPUSKAdOFkDozmn57SyHgBxYRTSGA45XgAxYSD7nrIUUrp8jFc4C+PgS9/pvEXAEEv6BcrRIWDAd7INRsb3MUqIKXXMsOGifzEq6eYftAzWtCEgykBRr4Y4OV6dx1NMb14dPPSI0NsPgj3oRU04WCuNK5MCXJ1gKelSCJxev5nBRzenH538Hqv32yWEqk0n/JsPnKRJodL2fpTpNxhcGBeWHbYWP6Ajh2d37X00rO9vrXW3shMhXQeq3mFwcHqHSj+5MgnTH/LI9524cUmu/dbz1whS9Fo2qGkbwwYU/Ro1hOCo7aaVvsXocJEWrIWbxAO+l952rywfcuFQFHRf0IXC+RHNOtRwbGS+2EpNdc+0FRZJH9Nya41z/t/0DIqbd3UrZkojyO1rCcEJ9RDdUzHVNFctNRi+ea69vmXW6/411TciJk47otZaleKnLCeGeUmAO6S8MDgYFwzNWSjF/fd4fG6x1UViwfll5rqpcPb3pVLiid1MxhJkD02TDrrvi7GATwQGBzcVwK13XY3izT6ZZJ9ay11xc8Ffrhdkr6+5ZLij4J33owWkGPp1ilLrOAAHggMDkwJkWpHHI/cohCot3xjzSH/iZaPFusec8STN5fSRjYtEb3U3MMyat6s7YjjEd5sWWoRD9e0SMd3XvKtqbgVT95cSVtSO8R4gIsCJ3YvFa/QJloqsdgCh4TvNVX79j7uCJhM48bLyLLTUQQt2TzEem1wCfVWxhUwllIkX7Wp2drm//Eut9RcdylQXKw/Fck+G1L7HdFoF24MycpUZtFrt+y1HfK/vH3QV/VVnalI9umo/Y55pTrpiTGvCuzyv9AgSU7fFdPloQ1Fc1/Y01NT6kpNW7PSEpH5o2r5oPj95nJf61aHv8js1EqXK3EZhcOVxlTEtO0rbfKPnnVKTZu7Q0sj2W9VXER2zFizCqt1+cRk8j5l2ldF3qc3OgKXhspJ8KzVSpetuKxYTqSyytJIm/f4NvdHT/hzQh4uX1YtB0IEyOx8X5y4fVbuP0ACFys3jlmFc1P4fPAcDZS7Zc+B3MARLkVW4LgFc+/rcp9/jO7tDhcnt84yCscvmMffkj/5sIduHs21JqT1t2QEToCKZvqEzwbfosEaSVg4qiVILsaJnwkTVNNA9NuudWmRb1hYuPUL4YLzDF1vl2ihPi2VpLDQf/61nfEAl7RZzoJQfON1oVf6WJ5oS6HsGS1KxHO76+0ueuNqc0oqDpBp/KLofPendKYln8EARsosx09F7pvi1OBZeaBakheeSwnpLBQyc7WDGr7tovOK0bARabJ+Z0YQrv5e6Bn4i+xoU/zK41nQKSVV4sl47LHA3goEZjmTnhlqrJynO2NVSlTsWzMs1/KXV1h1609Cr3tEHtunjs/X358qT8LXN87TsLKXAmEZziztqPRQvwNw9IPiVyavifeGLwT+sXWRpKf0c+RHCmnMTqu3u2jSFbSc0ETPSNNS/Io0IHx+4+fiO+7zylxoUZBq8kNtfSnVXThPHYKj12u5ZVP3HwRH35+pp8Uje/LWr3DFI4/Sp3YqV1wLXAwPITiI0LKeRdEy9KYwfvZnYlf7BE0VhG/hyvMjHHGJsmorK9uS1Pu2wrrySMfsEKf+9rb8YZ1E0nd4QYV4jHTEXMcwywG12aoRmltVRc90/Ze65L4DCph6nrgQj/A11SV2prfaaqBrGBxEcN+DwdD/Q4CemCFo7fBbAQdAsAXH3jZPH5x6taD5QD+mp6KvVtCEw5sXzA1mV4ghmhNW66oJBwlgZmVNymOAdzrYFkF1pnz/zTbQKhvVHt07GnMnX1Q4AIAtgChgWikIBRZCMAoGusaEgwQA1LDHRf86fRKneR/QbW9Q5k/YQawXdOGggEJx0HDA9Rtrabi8P2ywFw2SIThw0CgQBaOCfGtikPfaic64wACYIThIqAaUTz6I+5idygKWUYuBvggm8+5Dv2a/DHzNLXnJW+6iuq0Bmrr4PDld8+xhHwNZs5IEwxB39yusU3nHdZMgfzzBsOXwQmFBvBezTnfk7EARzR/y6XXXXC+to5DM+3PwvG7Fgwa28xbP0n1NebdEtgOsBVMCjHwxT9SaFhiVMSk4qARPXWJTO7YGYI8WdsDh0bFMB0DBmgxG9ZgrJfoWArXcScNBYQCEpy/ZCz+UrY/YAZcpS+KWghuTWKxK1lpSDkddIDazYc8WtyQ815tqUNxKsOYLKLAULNRhPQo+MVUhJZYTKYzakvAAOAeFdNhfgIBHWo00P9YVL791iS+jcCtZrdwUAJRk/AoTJspXWuCo61KDQjw2oCBgOwE+egH3kfj7umAhCOmwEi050g4nslK+I4W/5CzyeuQ5f3kZ4tNlIZF18vP/AXYR+dvV3FCCAAAAAElFTkSuQmCC">
  <body onLoad="init()">
    <script>/* This Source Code Form is subject to the terms of the Mozilla Public
 * License, v. 2.0. If a copy of the MPL was not distributed with this file,
 * You can obtain one at http://mozilla.org/MPL/2.0/. */


function toArray(iter) {
    if (iter === null) {
        return null;
    }
    return Array.prototype.slice.call(iter);
}

function find(selector, elem) {
    if (!elem) {
        elem = document;
    }
    return elem.querySelector(selector);
}

function find_all(selector, elem) {
    if (!elem) {
        elem = document;
    }
    return toArray(elem.querySelectorAll(selector));
}

function sort_column(elem) {
    toggle_sort_states(elem);
    var colIndex = toArray(elem.parentNode.childNodes).indexOf(elem);
    var key;
    if (elem.classList.contains('numeric')) {
        key = key_num;
    } else if (elem.classList.contains('result')) {
        key = key_result;
    } else {
        key = key_alpha;
    }
    sort_table(elem, key(colIndex));
}

function show_all_extras() {
    find_all('.col-result').forEach(show_extras);
}

function hide_all_extras() {
    find_all('.col-result').forEach(hide_extras);
}

function show_extras(colresult_elem) {
    var extras = colresult_elem.parentNode.nextElementSibling;
    var expandcollapse = colresult_elem.firstElementChild;
    extras.classList.remove("collapsed");
    expandcollapse.classList.remove("expander");
    expandcollapse.classList.add("collapser");
}

function hide_extras(colresult_elem) {
    var extras = colresult_elem.parentNode.nextElementSibling;
    var expandcollapse = colresult_elem.firstElementChild;
    extras.classList.add("collapsed");
    expandcollapse.classList.remove("collapser");
    expandcollapse.classList.add("expander");
}

function show_filters() {
    var filter_items = document.getElementsByClassName('filter');
    for (var i = 0; i < filter_items.length; i++)
        filter_items[i].hidden = false;
}

function add_collapse() {
    // Add links for show/hide all
    var resulttable = find('table#results-table');
    var showhideall = document.createElement("p");
    showhideall.innerHTML = '<a href="javascript:show_all_extras()">Show all details</a> / ' +
                            '<a href="javascript:hide_all_extras()">Hide all details</a>';
    resulttable.parentElement.insertBefore(showhideall, resulttable);

    // Add show/hide link to each result
    find_all('.col-result').forEach(function(elem) {
        var collapsed = get_query_parameter('collapsed') || 'Passed';
        var extras = elem.parentNode.nextElementSibling;
        var expandcollapse = document.createElement("span");
        if (collapsed.includes(elem.innerHTML)) {
            extras.classList.add("collapsed");
            expandcollapse.classList.add("expander");
        } else {
            expandcollapse.classList.add("collapser");
        }
        elem.appendChild(expandcollapse);

        elem.addEventListener("click", function(event) {
            if (event.currentTarget.parentNode.nextElementSibling.classList.contains("collapsed")) {
                show_extras(event.currentTarget);
            } else {
                hide_extras(event.currentTarget);
            }
        });
    })
}

function get_query_parameter(name) {
    var match = RegExp('[?&]' + name + '=([^&]*)').exec(window.location.search);
    return match && decodeURIComponent(match[1].replace(/\+/g, ' '));
}

function init () {
    reset_sort_headers();

    add_collapse();

    show_filters();

    sort_column(find('.initial-sort'));

    find_all('.sortable').forEach(function(elem) {
        elem.addEventListener("click",
                              function(event) {
                                  sort_column(elem);
                              }, false)
    });

};

function sort_table(clicked, key_func) {
    var rows = find_all('.results-table-row');
    var reversed = !clicked.classList.contains('asc');
    var sorted_rows = sort(rows, key_func, reversed);
    /* Whole table is removed here because browsers acts much slower
     * when appending existing elements.
     */
    var thead = document.getElementById("results-table-head");
    document.getElementById('results-table').remove();
    var parent = document.createElement("table");
    parent.id = "results-table";
    parent.appendChild(thead);
    sorted_rows.forEach(function(elem) {
        parent.appendChild(elem);
    });
    document.getElementsByTagName("BODY")[0].appendChild(parent);
}

function sort(items, key_func, reversed) {
    var sort_array = items.map(function(item, i) {
        return [key_func(item), i];
    });

    sort_array.sort(function(a, b) {
        var key_a = a[0];
        var key_b = b[0];

        if (key_a == key_b) return 0;

        if (reversed) {
            return (key_a < key_b ? 1 : -1);
        } else {
            return (key_a > key_b ? 1 : -1);
        }
    });

    return sort_array.map(function(item) {
        var index = item[1];
        return items[index];
    });
}

function key_alpha(col_index) {
    return function(elem) {
        return elem.childNodes[1].childNodes[col_index].firstChild.data.toLowerCase();
    };
}

function key_num(col_index) {
    return function(elem) {
        return parseFloat(elem.childNodes[1].childNodes[col_index].firstChild.data);
    };
}

function key_result(col_index) {
    return function(elem) {
        var strings = ['Error', 'Failed', 'Rerun', 'XFailed', 'XPassed',
                       'Skipped', 'Passed'];
        return strings.indexOf(elem.childNodes[1].childNodes[col_index].firstChild.data);
    };
}

function reset_sort_headers() {
    find_all('.sort-icon').forEach(function(elem) {
        elem.parentNode.removeChild(elem);
    });
    find_all('.sortable').forEach(function(elem) {
        var icon = document.createElement("div");
        icon.className = "sort-icon";
        icon.textContent = "vvv";
        elem.insertBefore(icon, elem.firstChild);
        elem.classList.remove("desc", "active");
        elem.classList.add("asc", "inactive");
    });
}

function toggle_sort_states(elem) {
    //if active, toggle between asc and desc
    if (elem.classList.contains('active')) {
        elem.classList.toggle('asc');
        elem.classList.toggle('desc');
    }

    //if inactive, reset all other functions and add ascending active
    if (elem.classList.contains('inactive')) {
        reset_sort_headers();
        elem.classList.remove('inactive');
        elem.classList.add('active');
    }
}

function is_all_rows_hidden(value) {
  return value.hidden == false;
}

function filter_table(elem) {
    var outcome_att = "data-test-result";
    var outcome = elem.getAttribute(outcome_att);
    class_outcome = outcome + " results-table-row";
    var outcome_rows = document.getElementsByClassName(class_outcome);

    for(var i = 0; i < outcome_rows.length; i++){
        outcome_rows[i].hidden = !elem.checked;
    }

    var rows = find_all('.results-table-row').filter(is_all_rows_hidden);
    var all_rows_hidden = rows.length == 0 ? true : false;
    var not_found_message = document.getElementById("not-found-message");
    not_found_message.hidden = !all_rows_hidden;
}
</script>
    
<script src="https://code.highcharts.com/9.0.1/highcharts.js"></script>
<script src="https://code.highcharts.com/9.0.1/modules/exporting.js"></script>
<script src="https://code.highcharts.com/9.0.1/modules/export-data.js"></script>
<script src="https://code.highcharts.com/9.0.1/modules/accessibility.js"></script>

<style>
.highcharts-figure, .highcharts-data-table table {
    min-width: 320px;
    max-width: 660px;
    margin: 1em auto;
}
.highcharts-data-table table {
    font-family: Verdana, sans-serif;
    border-collapse: collapse;
    border: 1px solid #EBEBEB;
    margin: 10px auto;
    text-align: center;
    width: 100%;
    max-width: 500px;
}
.highcharts-data-table caption {
    padding: 1em 0;
    font-size: 1.2em;
    color: #555;
}
.highcharts-data-table th {
    font-weight: 600;
    padding: 0.5em;
}
.highcharts-data-table td, .highcharts-data-table th,
.highcharts-data-table caption {
    padding: 0.5em;
}
.highcharts-data-table thead tr,
.highcharts-data-table tr:nth-child(even) {
    background: #f8f8f8;
}
.highcharts-data-table tr:hover {
    background: #f1f7ff;
}
</style>

<figure class="highcharts-figure">
    <div id="chartcontainer_1_1"></div>
    <p class="highcharts-description"></p>
</figure>

<script>
// Build the chart
Highcharts.chart('chartcontainer_1_1', {
credits: {
    enabled: false
},
title: {
    text: 'WATS Report Dashboard ⚪'
},
subtitle: {
    text: ''
},
xAxis: {
    labels: {
        useHTML: true,
        style: {
            fontSize: '14px',
        },
    },
categories: ['Passed','Untested','Skipped','Failed',], crosshair: false},
yAxis: {

    title: {
        text: 'Values',
        style: {
            fontSize: '14px'
        }
    },
    labels: {
        useHTML: true,
        style: {
            fontSize: '14px'
        }
    }
},
chart: {
    renderTo: 'statusChart',
    plotBackgroundColor: null,
    plotBorderWidth: null,
    plotShadow: false,
    type: 'pie'
},

tooltip: {
    enabled: true,
    useHTML: true,
    style: {
        padding: '6px',
        fontSize: '14px'
    },
    backgroundColor: {
        linearGradient: {
            x1: 0,
            y1: 0,
            x2: 0,
            y2: 1
        },
        stops: [
            [0, 'rgba(255, 255, 255, 0.78)'],
            [0.5, 'rgba(235, 235, 235, 0.76)'],
            [1, 'rgba(244, 252, 255, 0.74)']
        ]
    },
    hideDelay: 40,
    pointFormat: '<b>{point.y}</b><br /><b>{point.percentage:.1f}%</b>'
},

accessibility: {
    point: {
        valueSuffix: '%'
    }
},
plotOptions: {
    series: {
        states: {
            inactive: {
                opacity: 0.85
            }
        }
    },
    pie: {
        size: "95%",
        allowPointSelect: true,
        animation: false,
        cursor: 'pointer',
        dataLabels: {
            enabled: true,
            formatter: function() {
              if (this.y > 0) {
                return this.point.name + ': ' + this.point.y
              }
            }
        },
        states: {
            hover: {
                enabled: true
            }
        },
        showInLegend: true
    }
},

series: [{
name: 'Series 1',
colorByPoint: true,
data: [

{
name: 'Passed',
y: 113,
color: '#84d474'
},

{
name: 'Untested',
y: 0,
color: '#eaeaea'
},

{
name: 'Skipped',
y: 3,
color: '#efd8b4'
},

{
name: 'Failed',
y: 12,
color: '#f17476'
},

            ]
                }]
            });
            </script>
            
    <p>Report generated on 28-May-2022 at 20:51:53 by <a href="https://pypi.python.org/pypi/pytest-html">pytest-html</a> v2.0.1</p>
    <h2>Environment</h2>
    <table id="environment">
      <tr>
        <td>Packages</td>
        <td>{&apos;pytest&apos;: &apos;7.1.2&apos;, &apos;py&apos;: &apos;1.11.0&apos;, &apos;pluggy&apos;: &apos;1.0.0&apos;}</td></tr>
      <tr>
        <td>Platform</td>
        <td>Windows-10-10.0.22000-SP0</td></tr>
      <tr>
        <td>Plugins</td>
        <td>{&apos;forked&apos;: &apos;1.4.0&apos;, &apos;html&apos;: &apos;2.0.1&apos;, &apos;metadata&apos;: &apos;2.0.1&apos;, &apos;ordering&apos;: &apos;0.6&apos;, &apos;rerunfailures&apos;: &apos;10.2&apos;, &apos;xdist&apos;: &apos;2.5.0&apos;, &apos;seleniumbase&apos;: &apos;3.2.1&apos;}</td></tr>
      <tr>
        <td>Python</td>
        <td>3.9.12</td></tr></table>
    <h2>Summary</h2>
    <p>125 tests ran in 493.90 seconds. </p>
    <p class="filter" hidden="true">(Un)check the boxes to filter the results.</p><input checked="true" class="filter" data-test-result="passed" hidden="true" name="filter_checkbox" onChange="filter_table(this)" type="checkbox"/><span class="passed">113 passed</span>, <input checked="true" class="filter" data-test-result="skipped" hidden="true" name="filter_checkbox" onChange="filter_table(this)" type="checkbox"/><span class="skipped">3 skipped</span>, <input checked="true" class="filter" data-test-result="failed" hidden="true" name="filter_checkbox" onChange="filter_table(this)" type="checkbox"/><span class="failed">11 failed</span>, <input checked="true" class="filter" data-test-result="error" disabled="true" hidden="true" name="filter_checkbox" onChange="filter_table(this)" type="checkbox"/><span class="error">0 errors</span>, <input checked="true" class="filter" data-test-result="xfailed" hidden="true" name="filter_checkbox" onChange="filter_table(this)" type="checkbox"/><span class="xfailed">1 expected failures</span>, <input checked="true" class="filter" data-test-result="xpassed" disabled="true" hidden="true" name="filter_checkbox" onChange="filter_table(this)" type="checkbox"/><span class="xpassed">0 unexpected passes</span>, <input checked="true" class="filter" data-test-result="rerun" disabled="true" hidden="true" name="filter_checkbox" onChange="filter_table(this)" type="checkbox"/><span class="rerun">0 rerun</span>
    <h2>Results</h2>
    <table id="results-table">
      <thead id="results-table-head">
        <tr>
          <th class="sortable result initial-sort" col="result">Result</th>
          <th class="sortable" col="name">Test</th>
          <th class="sortable numeric" col="duration">Duration</th>
          <th>Links</th></tr>
        <tr hidden="true" id="not-found-message">
          <th colspan="4">No results found. Try to check the filters</th></tr></thead>
      <tbody class="failed results-table-row">
        <tr>
          <td class="col-result">Failed</td>
          <td class="col-name">swag_labs_suite.py::SwagLabsTests::test_swag_labs_basic_flow_1_problem_user</td>
          <td class="col-duration">1.39</td>
          <td class="col-links"><a class="url" href="https://www.saucedemo.com/inventory.html" target="_blank">URL</a> <a class="image" href="assets/swag_labs_suite.py__SwagLabsTests__test_swag_labs_basic_flow_1_problem_user_1_0.png" target="_blank">Screenshot</a> </td></tr>
        <tr>
          <td class="extra" colspan="4">
            <div class="image"><a href="assets/swag_labs_suite.py__SwagLabsTests__test_swag_labs_basic_flow_1_problem_user_1_0.png"><img src="assets/swag_labs_suite.py__SwagLabsTests__test_swag_labs_basic_flow_1_problem_user_1_0.png"/></a></div>
            <div class="log">a = (&lt;SeleniumBase.swag_labs_suite.SwagLabsTests testMethod=test_swag_labs_basic_flow_1_problem_user&gt;,)<br/><br/>    @wraps(func)<br/>    def standalone_func(*a):<br/>&gt;       return func(*(a + p.args), **p.kwargs)<br/><br/>..\..\..\miniconda\envs\project\lib\site-packages\parameterized\parameterized.py:533: <br/>_ _ _ _ _ _ _ _ _ _ _ _ _ _ _ _ _ _ _ _ _ _ _ _ _ _ _ _ _ _ _ _ _ _ _ _ _ _ _ _ <br/>swag_labs_suite.py:38: in test_swag_labs_basic_flow<br/>    self.fail(&#x27;Sort Failed! Expecting &quot;%s&quot; on top!&#x27; % item_name)<br/><span class="error">E   AssertionError: Sort Failed! Expecting &quot;Test.allTheThings() T-Shirt&quot; on top!</span><br/></div></td></tr></tbody>
      <tbody class="failed results-table-row">
        <tr>
          <td class="col-result">Failed</td>
          <td class="col-name">test_deferred_asserts.py::DeferredAssertTests::test_deferred_asserts</td>
          <td class="col-duration">7.97</td>
          <td class="col-links"><a class="url" href="https://xkcd.com/993/" target="_blank">URL</a> <a class="image" href="assets/test_deferred_asserts.py__DeferredAssertTests__test_deferred_asserts_1_0.png" target="_blank">Screenshot</a> </td></tr>
        <tr>
          <td class="extra" colspan="4">
            <div class="image"><a href="assets/test_deferred_asserts.py__DeferredAssertTests__test_deferred_asserts_1_0.png"><img src="assets/test_deferred_asserts.py__DeferredAssertTests__test_deferred_asserts_1_0.png"/></a></div>
            <div class="log">self = &lt;SeleniumBase.test_deferred_asserts.DeferredAssertTests testMethod=test_deferred_asserts&gt;<br/><br/>    @pytest.mark.expected_failure<br/>    def test_deferred_asserts(self):<br/>        self.open(&quot;https://xkcd.com/993/&quot;)<br/>        self.wait_for_element(&quot;#comic&quot;)<br/>        print(&quot;\n(This test should fail)&quot;)<br/>        self.deferred_assert_element(&#x27;img[alt=&quot;Brand Identity&quot;]&#x27;)<br/>        self.deferred_assert_element(&#x27;img[alt=&quot;Rocket Ship&quot;]&#x27;)  # Will Fail<br/>        self.deferred_assert_element(&quot;#comicmap&quot;)<br/>        self.deferred_assert_text(&quot;Fake Item&quot;, &quot;ul.comicNav&quot;)  # Will Fail<br/>        self.deferred_assert_text(&quot;Random&quot;, &quot;ul.comicNav&quot;)<br/>        self.deferred_assert_element(&#x27;a[name=&quot;Super Fake !!!&quot;]&#x27;)  # Will Fail<br/>        self.deferred_assert_exact_text(&quot;Brand Identity&quot;, &quot;#ctitle&quot;)<br/>        self.deferred_assert_exact_text(&quot;Fake Food&quot;, &quot;#comic&quot;)  # Will Fail<br/>&gt;       self.process_deferred_asserts()<br/><br/>test_deferred_asserts.py:24: <br/>_ _ _ _ _ _ _ _ _ _ _ _ _ _ _ _ _ _ _ _ _ _ _ _ _ _ _ _ _ _ _ _ _ _ _ _ _ _ _ _ <br/><br/>self = &lt;SeleniumBase.test_deferred_asserts.DeferredAssertTests testMethod=test_deferred_asserts&gt;, print_only = False<br/><br/>    def process_deferred_asserts(self, print_only=False):<br/>        &quot;&quot;&quot;To be used with any test that uses deferred_asserts, which are<br/>        non-terminating verifications that only raise exceptions<br/>        after this method is called.<br/>        This is useful for pages with multiple elements to be checked when<br/>        you want to find as many bugs as possible in a single test run<br/>        before having all the exceptions get raised simultaneously.<br/>        Might be more useful if this method is called after processing all<br/>        the deferred asserts on a single html page so that the failure<br/>        screenshot matches the location of the deferred asserts.<br/>        If &quot;print_only&quot; is set to True, the exception won&#x27;t get raised.&quot;&quot;&quot;<br/>        if self.recorder_mode:<br/>            time_stamp = self.execute_script(&quot;return Date.now();&quot;)<br/>            origin = self.get_origin()<br/>            action = [&quot;pr_da&quot;, &quot;&quot;, origin, time_stamp]<br/>            self.__extra_actions.append(action)<br/>        if self.__deferred_assert_failures:<br/>            exception_output = &quot;&quot;<br/>            exception_output += &quot;\n***** DEFERRED ASSERTION FAILURES:\n&quot;<br/>            exception_output += &quot;TEST: %s\n\n&quot; % self.id()<br/>            all_failing_checks = self.__deferred_assert_failures<br/>            self.__deferred_assert_failures = []<br/>            for tb in all_failing_checks:<br/>                exception_output += &quot;%s\n&quot; % tb<br/>            if print_only:<br/>                print(exception_output)<br/>            else:<br/>&gt;               raise Exception(exception_output.replace(&quot;\\n&quot;, &quot;\n&quot;))<br/><span class="error">E               Exception: </span><br/><span class="error">E               ***** DEFERRED ASSERTION FAILURES:</span><br/><span class="error">E               TEST: SeleniumBase.test_deferred_asserts.DeferredAssertTests.test_deferred_asserts</span><br/><span class="error">E               </span><br/><span class="error">E               DEFERRED ASSERT #2: (https://xkcd.com/993/) </span><br/><span class="error">E                Element {img[alt=&quot;Rocket Ship&quot;]} was not present after 1 second!</span><br/><span class="error">E               </span><br/><span class="error">E               DEFERRED ASSERT #4: (https://xkcd.com/993/) </span><br/><span class="error">E                Expected text substring {Fake Item} for {ul.comicNav} was not visible after 1 second!</span><br/><span class="error">E                (The string searched was {|&lt; &lt; Prev Random Next &gt; &gt;|})</span><br/><span class="error">E               </span><br/><span class="error">E               DEFERRED ASSERT #6: (https://xkcd.com/993/) </span><br/><span class="error">E                Element {a[name=&quot;Super Fake !!!&quot;]} was not present after 1 second!</span><br/><span class="error">E               </span><br/><span class="error">E               DEFERRED ASSERT #8: (https://xkcd.com/993/) </span><br/><span class="error">E                Expected exact text {Fake Food} for {#comic} was not visible after 1 second!</span><br/><br/>..\..\..\miniconda\envs\project\lib\site-packages\seleniumbase\fixtures\base_case.py:11203: Exception<br/></div></td></tr></tbody>
      <tbody class="failed results-table-row">
        <tr>
          <td class="col-result">Failed</td>
          <td class="col-name">test_detect_404s.py::BrokenLinkTests::test_link_checking</td>
          <td class="col-duration">5.89</td>
          <td class="col-links"><a class="url" href="https://seleniumbase.io/other/broken_page.html" target="_blank">URL</a> <a class="image" href="assets/test_detect_404s.py__BrokenLinkTests__test_link_checking_1_0.png" target="_blank">Screenshot</a> </td></tr>
        <tr>
          <td class="extra" colspan="4">
            <div class="image"><a href="assets/test_detect_404s.py__BrokenLinkTests__test_link_checking_1_0.png"><img src="assets/test_detect_404s.py__BrokenLinkTests__test_link_checking_1_0.png"/></a></div>
            <div class="log">self = &lt;SeleniumBase.test_detect_404s.BrokenLinkTests testMethod=test_link_checking&gt;<br/><br/>    def test_link_checking(self):<br/>        self.open(&quot;https://seleniumbase.io/other/broken_page.html&quot;)<br/>        print(&quot;\n(This test should fail)&quot;)<br/>&gt;       self.assert_no_404_errors()<br/><br/>test_detect_404s.py:8: <br/>_ _ _ _ _ _ _ _ _ _ _ _ _ _ _ _ _ _ _ _ _ _ _ _ _ _ _ _ _ _ _ _ _ _ _ _ _ _ _ _ <br/>..\..\..\miniconda\envs\project\lib\site-packages\seleniumbase\fixtures\base_case.py:5141: in assert_no_404_errors<br/>    self.fail(&quot;Broken links detected:\n%s&quot; % bad_links_str)<br/><span class="error">E   AssertionError: Broken links detected:</span><br/><span class="error">E   https://seleniumbase.io/broken_links/bad_image_1.png</span><br/><span class="error">E   https://seleniumbase.io/broken_links/bad_image_2.png</span><br/><span class="error">E   https://seleniumbase.io/broken_links/bad_image_3.png</span><br/><span class="error">E   https://seleniumbase.io/broken_links/bad_image_4.png</span><br/></div></td></tr></tbody>
      <tbody class="failed results-table-row">
        <tr>
          <td class="col-result">Failed</td>
          <td class="col-name">test_fail.py::FailingTests::test_find_army_of_robots_on_xkcd_desert_island</td>
          <td class="col-duration">3.33</td>
          <td class="col-links"><a class="url" href="https://xkcd.com/731/" target="_blank">URL</a> <a class="image" href="assets/test_fail.py__FailingTests__test_find_army_of_robots_on_xkcd_desert_island_1_0.png" target="_blank">Screenshot</a> </td></tr>
        <tr>
          <td class="extra" colspan="4">
            <div class="image"><a href="assets/test_fail.py__FailingTests__test_find_army_of_robots_on_xkcd_desert_island_1_0.png"><img src="assets/test_fail.py__FailingTests__test_find_army_of_robots_on_xkcd_desert_island_1_0.png"/></a></div>
            <div class="log">self = &lt;SeleniumBase.test_fail.FailingTests testMethod=test_find_army_of_robots_on_xkcd_desert_island&gt;<br/><br/>    @pytest.mark.expected_failure<br/>    def test_find_army_of_robots_on_xkcd_desert_island(self):<br/>        self.open(&quot;https://xkcd.com/731/&quot;)<br/>        print(&quot;\n(This test should fail)&quot;)<br/>&gt;       self.assert_element(&quot;div#ARMY_OF_ROBOTS&quot;, timeout=1)<br/><br/>test_fail.py:16: <br/>_ _ _ _ _ _ _ _ _ _ _ _ _ _ _ _ _ _ _ _ _ _ _ _ _ _ _ _ _ _ _ _ _ _ _ _ _ _ _ _ <br/>..\..\..\miniconda\envs\project\lib\site-packages\seleniumbase\fixtures\base_case.py:9778: in assert_element<br/>    self.wait_for_element_visible(selector, by=by, timeout=timeout)<br/>..\..\..\miniconda\envs\project\lib\site-packages\seleniumbase\fixtures\base_case.py:7179: in wait_for_element_visible<br/>    return page_actions.wait_for_element_visible(<br/>..\..\..\miniconda\envs\project\lib\site-packages\seleniumbase\fixtures\page_actions.py:393: in wait_for_element_visible<br/>    timeout_exception(NoSuchElementException, message)<br/>_ _ _ _ _ _ _ _ _ _ _ _ _ _ _ _ _ _ _ _ _ _ _ _ _ _ _ _ _ _ _ _ _ _ _ _ _ _ _ _ <br/><br/>exception = &lt;class &#x27;selenium.common.exceptions.NoSuchElementException&#x27;&gt;<br/>message = &#x27;Element {div#ARMY_OF_ROBOTS} was not present after 1 second!&#x27;<br/><br/>    def timeout_exception(exception, message):<br/>        exc, msg = shared_utils.format_exc(exception, message)<br/>&gt;       raise exc(msg)<br/><span class="error">E       selenium.common.exceptions.NoSuchElementException: Message: </span><br/><span class="error">E        Element {div#ARMY_OF_ROBOTS} was not present after 1 second!</span><br/><br/>..\..\..\miniconda\envs\project\lib\site-packages\seleniumbase\fixtures\page_actions.py:162: NoSuchElementException<br/></div></td></tr></tbody>
      <tbody class="failed results-table-row">
        <tr>
          <td class="col-result">Failed</td>
          <td class="col-name">test_suite.py::MyTestSuite::test_2</td>
          <td class="col-duration">2.07</td>
          <td class="col-links"><a class="url" href="https://xkcd.com/1675/" target="_blank">URL</a> <a class="image" href="assets/test_suite.py__MyTestSuite__test_2_1_0.png" target="_blank">Screenshot</a> </td></tr>
        <tr>
          <td class="extra" colspan="4">
            <div class="image"><a href="assets/test_suite.py__MyTestSuite__test_2_1_0.png"><img src="assets/test_suite.py__MyTestSuite__test_2_1_0.png"/></a></div>
            <div class="log">self = &lt;SeleniumBase.test_suite.MyTestSuite testMethod=test_2&gt;<br/><br/>    @pytest.mark.expected_failure<br/>    def test_2(self):<br/>        print(&quot;\n(This test should fail)&quot;)<br/>        self.open(&quot;https://xkcd.com/1675/&quot;)<br/>&gt;       raise Exception(&quot;FAKE EXCEPTION: This test fails on purpose.&quot;)<br/><span class="error">E       Exception: FAKE EXCEPTION: This test fails on purpose.</span><br/><br/>test_suite.py:19: Exception<br/></div></td></tr></tbody>
      <tbody class="failed results-table-row">
        <tr>
          <td class="col-result">Failed</td>
          <td class="col-name">test_suite.py::MyTestSuite::test_4</td>
          <td class="col-duration">2.09</td>
          <td class="col-links"><a class="url" href="https://xkcd.com/1670/" target="_blank">URL</a> <a class="image" href="assets/test_suite.py__MyTestSuite__test_4_1_0.png" target="_blank">Screenshot</a> </td></tr>
        <tr>
          <td class="extra" colspan="4">
            <div class="image"><a href="assets/test_suite.py__MyTestSuite__test_4_1_0.png"><img src="assets/test_suite.py__MyTestSuite__test_4_1_0.png"/></a></div>
            <div class="log">self = &lt;SeleniumBase.test_suite.MyTestSuite testMethod=test_4&gt;<br/><br/>    @pytest.mark.expected_failure<br/>    def test_4(self):<br/>        print(&quot;\n(This test should fail)&quot;)<br/>        self.open(&quot;https://xkcd.com/1670/&quot;)<br/>&gt;       self.assert_element(&quot;FakeElement.DoesNotExist&quot;, timeout=0.5)<br/><br/>test_suite.py:31: <br/>_ _ _ _ _ _ _ _ _ _ _ _ _ _ _ _ _ _ _ _ _ _ _ _ _ _ _ _ _ _ _ _ _ _ _ _ _ _ _ _ <br/>..\..\..\miniconda\envs\project\lib\site-packages\seleniumbase\fixtures\base_case.py:9778: in assert_element<br/>    self.wait_for_element_visible(selector, by=by, timeout=timeout)<br/>..\..\..\miniconda\envs\project\lib\site-packages\seleniumbase\fixtures\base_case.py:7179: in wait_for_element_visible<br/>    return page_actions.wait_for_element_visible(<br/>..\..\..\miniconda\envs\project\lib\site-packages\seleniumbase\fixtures\page_actions.py:393: in wait_for_element_visible<br/>    timeout_exception(NoSuchElementException, message)<br/>_ _ _ _ _ _ _ _ _ _ _ _ _ _ _ _ _ _ _ _ _ _ _ _ _ _ _ _ _ _ _ _ _ _ _ _ _ _ _ _ <br/><br/>exception = &lt;class &#x27;selenium.common.exceptions.NoSuchElementException&#x27;&gt;<br/>message = &#x27;Element {FakeElement.DoesNotExist} was not present after 0.5 seconds!&#x27;<br/><br/>    def timeout_exception(exception, message):<br/>        exc, msg = shared_utils.format_exc(exception, message)<br/>&gt;       raise exc(msg)<br/><span class="error">E       selenium.common.exceptions.NoSuchElementException: Message: </span><br/><span class="error">E        Element {FakeElement.DoesNotExist} was not present after 0.5 seconds!</span><br/><br/>..\..\..\miniconda\envs\project\lib\site-packages\seleniumbase\fixtures\page_actions.py:162: NoSuchElementException<br/></div></td></tr></tbody>
      <tbody class="failed results-table-row">
        <tr>
          <td class="col-result">Failed</td>
          <td class="col-name">time_limit_test.py::TimeLimitTests::test_time_limit_feature</td>
          <td class="col-duration">5.46</td>
          <td class="col-links"><a class="url" href="https://xkcd.com/1658/" target="_blank">URL</a> <a class="image" href="assets/time_limit_test.py__TimeLimitTests__test_time_limit_feature_1_0.png" target="_blank">Screenshot</a> </td></tr>
        <tr>
          <td class="extra" colspan="4">
            <div class="image"><a href="assets/time_limit_test.py__TimeLimitTests__test_time_limit_feature_1_0.png"><img src="assets/time_limit_test.py__TimeLimitTests__test_time_limit_feature_1_0.png"/></a></div>
            <div class="log">self = &lt;SeleniumBase.time_limit_test.TimeLimitTests testMethod=test_time_limit_feature&gt;<br/><br/>    @pytest.mark.expected_failure<br/>    def test_time_limit_feature(self):<br/>        self.set_time_limit(5)  # Fail test if time exceeds 5 seconds<br/>        self.open(&quot;https://xkcd.com/1658/&quot;)<br/>        print(&quot;\n(This test should fail)&quot;)<br/>&gt;       self.sleep(7)<br/><br/>time_limit_test.py:18: <br/>_ _ _ _ _ _ _ _ _ _ _ _ _ _ _ _ _ _ _ _ _ _ _ _ _ _ _ _ _ _ _ _ _ _ _ _ _ _ _ _ <br/>..\..\..\miniconda\envs\project\lib\site-packages\seleniumbase\fixtures\base_case.py:3406: in sleep<br/>    shared_utils.check_if_time_limit_exceeded()<br/>..\..\..\miniconda\envs\project\lib\site-packages\seleniumbase\fixtures\shared_utils.py:98: in check_if_time_limit_exceeded<br/>    __time_limit_exceeded(message)<br/>_ _ _ _ _ _ _ _ _ _ _ _ _ _ _ _ _ _ _ _ _ _ _ _ _ _ _ _ _ _ _ _ _ _ _ _ _ _ _ _ <br/><br/>message = &#x27;\n This test has exceeded the time limit of 5 seconds!&#x27;<br/><br/>    def __time_limit_exceeded(message):<br/>        from seleniumbase.common.exceptions import TimeLimitExceededException<br/>    <br/>&gt;       raise TimeLimitExceededException(message)<br/><span class="error">E       seleniumbase.common.exceptions.TimeLimitExceededException: </span><br/><span class="error">E        This test has exceeded the time limit of 5 seconds!</span><br/><br/>..\..\..\miniconda\envs\project\lib\site-packages\seleniumbase\fixtures\shared_utils.py:75: TimeLimitExceededException<br/></div></td></tr></tbody>
      <tbody class="failed results-table-row">
        <tr>
          <td class="col-result">Failed</td>
          <td class="col-name">youtube_search_test.py::YouTubeSearchTests::test_youtube_autocomplete_results</td>
          <td class="col-duration">4.41</td>
          <td class="col-links"><a class="url" href="https://www.youtube.com/c/MichaelMintz" target="_blank">URL</a> <a class="image" href="assets/youtube_search_test.py__YouTubeSearchTests__test_youtube_autocomplete_results_1_0.png" target="_blank">Screenshot</a> </td></tr>
        <tr>
          <td class="extra" colspan="4">
            <div class="image"><a href="assets/youtube_search_test.py__YouTubeSearchTests__test_youtube_autocomplete_results_1_0.png"><img src="assets/youtube_search_test.py__YouTubeSearchTests__test_youtube_autocomplete_results_1_0.png"/></a></div>
            <div class="log">self = &lt;SeleniumBase.youtube_search_test.YouTubeSearchTests testMethod=test_youtube_autocomplete_results&gt;<br/><br/>    def test_youtube_autocomplete_results(self):<br/>        &quot;&quot;&quot;Verify YouTube autocomplete search results.&quot;&quot;&quot;<br/>        self.open(&quot;https://www.youtube.com/c/MichaelMintz&quot;)<br/>        self.delete_all_cookies()<br/>        self.clear_local_storage()<br/>        self.clear_session_storage()<br/>        search_term = &quot;seleniumbase&quot;<br/>        search_selector = &quot;input#search&quot;<br/>        result_selector = &#x27;li[role=&quot;presentation&quot;]&#x27;<br/>        self.click_if_visible(&#x27;button[aria-label=&quot;Close&quot;]&#x27;)<br/>        self.double_click(search_selector)<br/>        self.type(search_selector, search_term)<br/>        # First verify that an autocomplete result exists<br/>        self.assert_element(result_selector)<br/>        top_result = self.get_text(result_selector)<br/>        # Now verify that the autocomplete result is good<br/>&gt;       self.assert_true(<br/>            search_term in top_result,<br/>            &#x27;Expected text &quot;%s&quot; not found in top result! &#x27;<br/>            &#x27;Actual text was &quot;%s&quot;!&#x27; % (search_term, top_result),<br/>        )<br/><br/>youtube_search_test.py:21: <br/>_ _ _ _ _ _ _ _ _ _ _ _ _ _ _ _ _ _ _ _ _ _ _ _ _ _ _ _ _ _ _ _ _ _ _ _ _ _ _ _ <br/>..\..\..\miniconda\envs\project\lib\site-packages\seleniumbase\fixtures\base_case.py:5689: in assert_true<br/>    self.assertTrue(expr, msg=msg)<br/><span class="error">E   AssertionError: False is not true : Expected text &quot;seleniumbase&quot; not found in top result! Actual text was &quot;selenium ide&quot;!</span><br/></div></td></tr></tbody>
      <tbody class="failed results-table-row">
        <tr>
          <td class="col-result">Failed</td>
          <td class="col-name">visual_testing/test_layout_fail.py::VisualLayout_FixtureTests::test_python_home_change</td>
          <td class="col-duration">1.01</td>
          <td class="col-links"><a class="url" href="https://www.python.org/" target="_blank">URL</a> <a class="image" href="assets/visual_testing_test_layout_fail.py__VisualLayout_FixtureTests__test_python_home_change_1_0.png" target="_blank">Screenshot</a> </td></tr>
        <tr>
          <td class="extra" colspan="4">
            <div class="image"><a href="assets/visual_testing_test_layout_fail.py__VisualLayout_FixtureTests__test_python_home_change_1_0.png"><img src="assets/visual_testing_test_layout_fail.py__VisualLayout_FixtureTests__test_python_home_change_1_0.png"/></a></div>
            <div class="log">self = &lt;SeleniumBase.visual_testing.test_layout_fail.VisualLayout_FixtureTests object at 0x00000213D0BEDDC0&gt;<br/>sb = &lt;seleniumbase.plugins.pytest_plugin.sb.&lt;locals&gt;.BaseClass testMethod=base_method&gt;<br/><br/>    def test_python_home_change(self, sb):<br/>        sb.open(&quot;https://python.org/&quot;)<br/>        print(&#x27;\nCreating baseline in &quot;visual_baseline&quot; folder.&#x27;)<br/>        sb.check_window(name=&quot;python_home&quot;, baseline=True)<br/>        # Remove the &quot;Donate&quot; button<br/>        sb.remove_element(&quot;a.donate-button&quot;)<br/>        print(&quot;(This test should fail)&quot;)  # due to missing button<br/>&gt;       sb.check_window(name=&quot;python_home&quot;, level=3)<br/><br/>visual_testing\test_layout_fail.py:14: <br/>_ _ _ _ _ _ _ _ _ _ _ _ _ _ _ _ _ _ _ _ _ _ _ _ _ _ _ _ _ _ _ _ _ _ _ _ _ _ _ _ <br/>..\..\..\miniconda\envs\project\lib\site-packages\seleniumbase\fixtures\base_case.py:10836: in check_window<br/>    self.__assert_eq(level_3_data, level_3, level_3_failure)<br/>_ _ _ _ _ _ _ _ _ _ _ _ _ _ _ _ _ _ _ _ _ _ _ _ _ _ _ _ _ _ _ _ _ _ _ _ _ _ _ _ <br/><br/>self = &lt;seleniumbase.plugins.pytest_plugin.sb.&lt;locals&gt;.BaseClass testMethod=base_method&gt;<br/>args = ([[&#x27;div&#x27;, [[&#x27;id&#x27;, &#x27;touchnav-wrapper&#x27;]]], [&#x27;div&#x27;, [[&#x27;class&#x27;, [&#x27;do-not-print&#x27;]], [&#x27;id&#x27;, &#x27;nojs&#x27;]]], [&#x27;p&#x27;, []], [&#x27;strong&#x27;,...]]], ...], &quot;\n*\n*** Exception: &lt;Level 3&gt; Visual Diff Failure:\n* HTML tag attribute values don&#x27;t match the baseline!&quot;)<br/>kwargs = {}<br/>minified_exception = &quot;\nAssertionError:\nFirst differing element 33:\n[&#x27;a&#x27;, [[&#x27;class&#x27;, [&#x27;donate-button&#x27;]], [&#x27;href[65 chars]2&#x27;]]]\n[&#x27;div&#x27;, [...-bar&#x27;]]]]\n\n*\n*** Exception: &lt;Level 3&gt; Visual Diff Failure:\n* HTML tag attribute values don&#x27;t match the baseline!\n&quot;<br/>str_e = &quot;Lists differ: [[&#x27;di[1932 chars]], [&#x27;a&#x27;, [[&#x27;class&#x27;, [&#x27;donate-button&#x27;]], [&#x27;href[36562 chars]&#x27;]]]] != [[&#x27;di[1932 chars]]...to see it. : \n*\n*** Exception: &lt;Level 3&gt; Visual Diff Failure:\n* HTML tag attribute values don&#x27;t match the baseline!&quot;<br/>lines = [&quot;Lists differ: [[&#x27;di[1932 chars]], [&#x27;a&#x27;, [[&#x27;class&#x27;, [&#x27;donate-button&#x27;]], [&#x27;href[36562 chars]&#x27;]]]] != [[&#x27;di[1932 chars]...t 33:&#x27;, &quot;[&#x27;a&#x27;, [[&#x27;class&#x27;, [&#x27;donate-button&#x27;]], [&#x27;href[65 chars]2&#x27;]]]&quot;, &quot;[&#x27;div&#x27;, [[&#x27;class&#x27;, [&#x27;options-bar&#x27;]]]]&quot;, &#x27;&#x27;, ...]<br/>countdown = 0, countdown_on = False, first_differing = True, skip_lines = False<br/>line = &quot;* HTML tag attribute values don&#x27;t match the baseline!&quot;<br/><br/>    def __assert_eq(self, *args, **kwargs):<br/>        &quot;&quot;&quot;Minified assert_equal() using only the list diff.&quot;&quot;&quot;<br/>        minified_exception = None<br/>        try:<br/>            self.assertEqual(*args, **kwargs)<br/>        except Exception as e:<br/>            str_e = str(e)<br/>            minified_exception = &quot;\nAssertionError:\n&quot;<br/>            lines = str_e.split(&quot;\n&quot;)<br/>            countdown = 3<br/>            countdown_on = False<br/>            first_differing = False<br/>            skip_lines = False<br/>            for line in lines:<br/>                if countdown_on:<br/>                    if not skip_lines:<br/>                        minified_exception += line + &quot;\n&quot;<br/>                    countdown = countdown - 1<br/>                    if countdown == 0:<br/>                        countdown_on = False<br/>                        skip_lines = False<br/>                elif line.startswith(&quot;First differing&quot;):<br/>                    first_differing = True<br/>                    countdown_on = True<br/>                    countdown = 3<br/>                    minified_exception += line + &quot;\n&quot;<br/>                elif line.startswith(&quot;First list&quot;):<br/>                    countdown_on = True<br/>                    countdown = 3<br/>                    if not first_differing:<br/>                        minified_exception += line + &quot;\n&quot;<br/>                    else:<br/>                        skip_lines = True<br/>                elif line.startswith(&quot;F&quot;):<br/>                    countdown_on = True<br/>                    countdown = 3<br/>                    minified_exception += line + &quot;\n&quot;<br/>                elif line.startswith(&quot;+&quot;) or line.startswith(&quot;-&quot;):<br/>                    minified_exception += line + &quot;\n&quot;<br/>                elif line.startswith(&quot;?&quot;):<br/>                    minified_exception += line + &quot;\n&quot;<br/>                elif line.strip().startswith(&quot;*&quot;):<br/>                    minified_exception += line + &quot;\n&quot;<br/>        if minified_exception:<br/>&gt;           raise Exception(minified_exception)<br/><span class="error">E           Exception: </span><br/><span class="error">E           AssertionError:</span><br/><span class="error">E           First differing element 33:</span><br/><span class="error">E           [&#x27;a&#x27;, [[&#x27;class&#x27;, [&#x27;donate-button&#x27;]], [&#x27;href[65 chars]2&#x27;]]]</span><br/><span class="error">E           [&#x27;div&#x27;, [[&#x27;class&#x27;, [&#x27;options-bar&#x27;]]]]</span><br/><span class="error">E           </span><br/><span class="error">E           *</span><br/><span class="error">E           *** Exception: &lt;Level 3&gt; Visual Diff Failure:</span><br/><span class="error">E           * HTML tag attribute values don&#x27;t match the baseline!</span><br/><br/>..\..\..\miniconda\envs\project\lib\site-packages\seleniumbase\fixtures\base_case.py:10528: Exception<br/></div></td></tr></tbody>
      <tbody class="failed results-table-row">
        <tr>
          <td class="col-result">Failed</td>
          <td class="col-name">visual_testing/test_layout_fail.py::VisualLayoutFailureTests::test_applitools_change</td>
          <td class="col-duration">1.44</td>
          <td class="col-links"><a class="url" href="https://applitools.com/helloworld/?diff1" target="_blank">URL</a> <a class="image" href="assets/visual_testing_test_layout_fail.py__VisualLayoutFailureTests__test_applitools_change_1_0.png" target="_blank">Screenshot</a> </td></tr>
        <tr>
          <td class="extra" colspan="4">
            <div class="image"><a href="assets/visual_testing_test_layout_fail.py__VisualLayoutFailureTests__test_applitools_change_1_0.png"><img src="assets/visual_testing_test_layout_fail.py__VisualLayoutFailureTests__test_applitools_change_1_0.png"/></a></div>
            <div class="log">self = &lt;SeleniumBase.visual_testing.test_layout_fail.VisualLayoutFailureTests testMethod=test_applitools_change&gt;<br/><br/>    def test_applitools_change(self):<br/>        self.open(&quot;https://applitools.com/helloworld?diff1&quot;)<br/>        print(&#x27;\nCreating baseline in &quot;visual_baseline&quot; folder.&#x27;)<br/>        self.check_window(name=&quot;helloworld&quot;, baseline=True)<br/>        # Click a button that changes the text of an element<br/>        self.click(&#x27;a[href=&quot;?diff1&quot;]&#x27;)<br/>        # Click a button that makes a hidden element visible<br/>        self.click(&quot;button&quot;)<br/>        print(&quot;(This test should fail)&quot;)  # due to image now seen<br/>&gt;       self.check_window(name=&quot;helloworld&quot;, level=3)<br/><br/>visual_testing\test_layout_fail.py:27: <br/>_ _ _ _ _ _ _ _ _ _ _ _ _ _ _ _ _ _ _ _ _ _ _ _ _ _ _ _ _ _ _ _ _ _ _ _ _ _ _ _ <br/>..\..\..\miniconda\envs\project\lib\site-packages\seleniumbase\fixtures\base_case.py:10836: in check_window<br/>    self.__assert_eq(level_3_data, level_3, level_3_failure)<br/>_ _ _ _ _ _ _ _ _ _ _ _ _ _ _ _ _ _ _ _ _ _ _ _ _ _ _ _ _ _ _ _ _ _ _ _ _ _ _ _ <br/><br/>self = &lt;SeleniumBase.visual_testing.test_layout_fail.VisualLayoutFailureTests testMethod=test_applitools_change&gt;<br/>args = ([[&#x27;div&#x27;, [[&#x27;class&#x27;, [&#x27;demo-page&#x27;, &#x27;center&#x27;, &#x27;diff1&#x27;]]]], [&#x27;div&#x27;, [[&#x27;class&#x27;, [&#x27;section&#x27;]]]], [&#x27;div&#x27;, [[&#x27;class&#x27;, [&#x27;fanc...]]], ...], &quot;\n*\n*** Exception: &lt;Level 3&gt; Visual Diff Failure:\n* HTML tag attribute values don&#x27;t match the baseline!&quot;)<br/>kwargs = {}<br/>minified_exception = &quot;\nAssertionError:\nFirst differing element 39:\n[&#x27;div&#x27;, [[&#x27;class&#x27;, [&#x27;section&#x27;, &#x27;hidden-section&#x27;, &#x27;image-section&#x27;]]]]\...ction&#x27;]]]],\n*\n*** Exception: &lt;Level 3&gt; Visual Diff Failure:\n* HTML tag attribute values don&#x27;t match the baseline!\n&quot;<br/>str_e = &quot;Lists differ: [[&#x27;di[1534 chars]n&#x27;, &#x27;hidden-section&#x27;, &#x27;image-section&#x27;]]]], [&#x27;p[307 chars]&#x27;]]]] != [[&#x27;di[1534 chars]n&#x27;,...cript&#x27;]]]] : \n*\n*** Exception: &lt;Level 3&gt; Visual Diff Failure:\n* HTML tag attribute values don&#x27;t match the baseline!&quot;<br/>lines = [&quot;Lists differ: [[&#x27;di[1534 chars]n&#x27;, &#x27;hidden-section&#x27;, &#x27;image-section&#x27;]]]], [&#x27;p[307 chars]&#x27;]]]] != [[&#x27;di[1534 chars]n&#x27;...ss&#x27;, [&#x27;section&#x27;, &#x27;hidden-section&#x27;, &#x27;image-section&#x27;]]]]&quot;, &quot;[&#x27;div&#x27;, [[&#x27;class&#x27;, [&#x27;section&#x27;, &#x27;image-section&#x27;]]]]&quot;, &#x27;&#x27;, ...]<br/>countdown = 0, countdown_on = False, first_differing = True, skip_lines = False<br/>line = &quot;* HTML tag attribute values don&#x27;t match the baseline!&quot;<br/><br/>    def __assert_eq(self, *args, **kwargs):<br/>        &quot;&quot;&quot;Minified assert_equal() using only the list diff.&quot;&quot;&quot;<br/>        minified_exception = None<br/>        try:<br/>            self.assertEqual(*args, **kwargs)<br/>        except Exception as e:<br/>            str_e = str(e)<br/>            minified_exception = &quot;\nAssertionError:\n&quot;<br/>            lines = str_e.split(&quot;\n&quot;)<br/>            countdown = 3<br/>            countdown_on = False<br/>            first_differing = False<br/>            skip_lines = False<br/>            for line in lines:<br/>                if countdown_on:<br/>                    if not skip_lines:<br/>                        minified_exception += line + &quot;\n&quot;<br/>                    countdown = countdown - 1<br/>                    if countdown == 0:<br/>                        countdown_on = False<br/>                        skip_lines = False<br/>                elif line.startswith(&quot;First differing&quot;):<br/>                    first_differing = True<br/>                    countdown_on = True<br/>                    countdown = 3<br/>                    minified_exception += line + &quot;\n&quot;<br/>                elif line.startswith(&quot;First list&quot;):<br/>                    countdown_on = True<br/>                    countdown = 3<br/>                    if not first_differing:<br/>                        minified_exception += line + &quot;\n&quot;<br/>                    else:<br/>                        skip_lines = True<br/>                elif line.startswith(&quot;F&quot;):<br/>                    countdown_on = True<br/>                    countdown = 3<br/>                    minified_exception += line + &quot;\n&quot;<br/>                elif line.startswith(&quot;+&quot;) or line.startswith(&quot;-&quot;):<br/>                    minified_exception += line + &quot;\n&quot;<br/>                elif line.startswith(&quot;?&quot;):<br/>                    minified_exception += line + &quot;\n&quot;<br/>                elif line.strip().startswith(&quot;*&quot;):<br/>                    minified_exception += line + &quot;\n&quot;<br/>        if minified_exception:<br/>&gt;           raise Exception(minified_exception)<br/><span class="error">E           Exception: </span><br/><span class="error">E           AssertionError:</span><br/><span class="error">E           First differing element 39:</span><br/><span class="error">E           [&#x27;div&#x27;, [[&#x27;class&#x27;, [&#x27;section&#x27;, &#x27;hidden-section&#x27;, &#x27;image-section&#x27;]]]]</span><br/><span class="error">E           [&#x27;div&#x27;, [[&#x27;class&#x27;, [&#x27;section&#x27;, &#x27;image-section&#x27;]]]]</span><br/><span class="error">E           </span><br/><span class="error">E           -  [&#x27;div&#x27;, [[&#x27;class&#x27;, [&#x27;section&#x27;, &#x27;hidden-section&#x27;, &#x27;image-section&#x27;]]]],</span><br/><span class="error">E           ?                                ------------------</span><br/><span class="error">E           +  [&#x27;div&#x27;, [[&#x27;class&#x27;, [&#x27;section&#x27;, &#x27;image-section&#x27;]]]],</span><br/><span class="error">E           *</span><br/><span class="error">E           *** Exception: &lt;Level 3&gt; Visual Diff Failure:</span><br/><span class="error">E           * HTML tag attribute values don&#x27;t match the baseline!</span><br/><br/>..\..\..\miniconda\envs\project\lib\site-packages\seleniumbase\fixtures\base_case.py:10528: Exception<br/></div></td></tr></tbody>
      <tbody class="failed results-table-row">
        <tr>
          <td class="col-result">Failed</td>
          <td class="col-name">visual_testing/test_layout_fail.py::VisualLayoutFailureTests::test_xkcd_logo_change</td>
          <td class="col-duration">1.85</td>
          <td class="col-links"><a class="url" href="https://xkcd.com/554/" target="_blank">URL</a> <a class="image" href="assets/visual_testing_test_layout_fail.py__VisualLayoutFailureTests__test_xkcd_logo_change_1_0.png" target="_blank">Screenshot</a> </td></tr>
        <tr>
          <td class="extra" colspan="4">
            <div class="image"><a href="assets/visual_testing_test_layout_fail.py__VisualLayoutFailureTests__test_xkcd_logo_change_1_0.png"><img src="assets/visual_testing_test_layout_fail.py__VisualLayoutFailureTests__test_xkcd_logo_change_1_0.png"/></a></div>
            <div class="log">self = &lt;SeleniumBase.visual_testing.test_layout_fail.VisualLayoutFailureTests testMethod=test_xkcd_logo_change&gt;<br/><br/>    def test_xkcd_logo_change(self):<br/>        self.open(&quot;https://xkcd.com/554/&quot;)<br/>        print(&#x27;\nCreating baseline in &quot;visual_baseline&quot; folder.&#x27;)<br/>        self.check_window(name=&quot;xkcd_554&quot;, baseline=True)<br/>        # Change height: (83 -&gt; 110) , Change width: (185 -&gt; 120)<br/>        self.set_attribute(&#x27;[alt=&quot;xkcd.com logo&quot;]&#x27;, &quot;height&quot;, &quot;110&quot;)<br/>        self.set_attribute(&#x27;[alt=&quot;xkcd.com logo&quot;]&#x27;, &quot;width&quot;, &quot;120&quot;)<br/>        print(&quot;(This test should fail)&quot;)  # due to a resized logo<br/>&gt;       self.check_window(name=&quot;xkcd_554&quot;, level=3)<br/><br/>visual_testing\test_layout_fail.py:37: <br/>_ _ _ _ _ _ _ _ _ _ _ _ _ _ _ _ _ _ _ _ _ _ _ _ _ _ _ _ _ _ _ _ _ _ _ _ _ _ _ _ <br/>..\..\..\miniconda\envs\project\lib\site-packages\seleniumbase\fixtures\base_case.py:10836: in check_window<br/>    self.__assert_eq(level_3_data, level_3, level_3_failure)<br/>_ _ _ _ _ _ _ _ _ _ _ _ _ _ _ _ _ _ _ _ _ _ _ _ _ _ _ _ _ _ _ _ _ _ _ _ _ _ _ _ <br/><br/>self = &lt;SeleniumBase.visual_testing.test_layout_fail.VisualLayoutFailureTests testMethod=test_xkcd_logo_change&gt;<br/>args = ([[&#x27;div&#x27;, [[&#x27;id&#x27;, &#x27;topContainer&#x27;]]], [&#x27;div&#x27;, [[&#x27;id&#x27;, &#x27;topLeft&#x27;]]], [&#x27;ul&#x27;, []], [&#x27;li&#x27;, []], [&#x27;a&#x27;, [[&#x27;href&#x27;, &#x27;/archive&#x27;]...[]], ...], &quot;\n*\n*** Exception: &lt;Level 3&gt; Visual Diff Failure:\n* HTML tag attribute values don&#x27;t match the baseline!&quot;)<br/>kwargs = {}<br/>minified_exception = &quot;\nAssertionError:\nFirst differing element 30:\n[&#x27;img[30 chars][&#x27;height&#x27;, &#x27;83&#x27;], [&#x27;src&#x27;, &#x27;/s/0b7742.png&#x27;], [&#x27;width&#x27;, ...         ^^\n*\n*** Exception: &lt;Level 3&gt; Visual Diff Failure:\n* HTML tag attribute values don&#x27;t match the baseline!\n&quot;<br/>str_e = &quot;Lists differ: [[&#x27;di[887 chars]t&#x27;, &#x27;83&#x27;], [&#x27;src&#x27;, &#x27;/s/0b7742.png&#x27;], [&#x27;width&#x27;,[4472 chars]]]]]] != [[&#x27;di[887 chars]t&#x27;, ...ense&#x27;]]]]] : \n*\n*** Exception: &lt;Level 3&gt; Visual Diff Failure:\n* HTML tag attribute values don&#x27;t match the baseline!&quot;<br/>lines = [&quot;Lists differ: [[&#x27;di[887 chars]t&#x27;, &#x27;83&#x27;], [&#x27;src&#x27;, &#x27;/s/0b7742.png&#x27;], [&#x27;width&#x27;,[4472 chars]]]]]] != [[&#x27;di[887 chars]t&#x27;,....png&#x27;], [&#x27;width&#x27;, &#x27;185&#x27;]]]&quot;, &quot;[&#x27;img[30 chars][&#x27;height&#x27;, &#x27;110&#x27;], [&#x27;src&#x27;, &#x27;/s/0b7742.png&#x27;], [&#x27;width&#x27;, &#x27;120&#x27;]]]&quot;, &#x27;&#x27;, ...]<br/>countdown = 0, countdown_on = False, first_differing = True, skip_lines = False<br/>line = &quot;* HTML tag attribute values don&#x27;t match the baseline!&quot;<br/><br/>    def __assert_eq(self, *args, **kwargs):<br/>        &quot;&quot;&quot;Minified assert_equal() using only the list diff.&quot;&quot;&quot;<br/>        minified_exception = None<br/>        try:<br/>            self.assertEqual(*args, **kwargs)<br/>        except Exception as e:<br/>            str_e = str(e)<br/>            minified_exception = &quot;\nAssertionError:\n&quot;<br/>            lines = str_e.split(&quot;\n&quot;)<br/>            countdown = 3<br/>            countdown_on = False<br/>            first_differing = False<br/>            skip_lines = False<br/>            for line in lines:<br/>                if countdown_on:<br/>                    if not skip_lines:<br/>                        minified_exception += line + &quot;\n&quot;<br/>                    countdown = countdown - 1<br/>                    if countdown == 0:<br/>                        countdown_on = False<br/>                        skip_lines = False<br/>                elif line.startswith(&quot;First differing&quot;):<br/>                    first_differing = True<br/>                    countdown_on = True<br/>                    countdown = 3<br/>                    minified_exception += line + &quot;\n&quot;<br/>                elif line.startswith(&quot;First list&quot;):<br/>                    countdown_on = True<br/>                    countdown = 3<br/>                    if not first_differing:<br/>                        minified_exception += line + &quot;\n&quot;<br/>                    else:<br/>                        skip_lines = True<br/>                elif line.startswith(&quot;F&quot;):<br/>                    countdown_on = True<br/>                    countdown = 3<br/>                    minified_exception += line + &quot;\n&quot;<br/>                elif line.startswith(&quot;+&quot;) or line.startswith(&quot;-&quot;):<br/>                    minified_exception += line + &quot;\n&quot;<br/>                elif line.startswith(&quot;?&quot;):<br/>                    minified_exception += line + &quot;\n&quot;<br/>                elif line.strip().startswith(&quot;*&quot;):<br/>                    minified_exception += line + &quot;\n&quot;<br/>        if minified_exception:<br/>&gt;           raise Exception(minified_exception)<br/><span class="error">E           Exception: </span><br/><span class="error">E           AssertionError:</span><br/><span class="error">E           First differing element 30:</span><br/><span class="error">E           [&#x27;img[30 chars][&#x27;height&#x27;, &#x27;83&#x27;], [&#x27;src&#x27;, &#x27;/s/0b7742.png&#x27;], [&#x27;width&#x27;, &#x27;185&#x27;]]]</span><br/><span class="error">E           [&#x27;img[30 chars][&#x27;height&#x27;, &#x27;110&#x27;], [&#x27;src&#x27;, &#x27;/s/0b7742.png&#x27;], [&#x27;width&#x27;, &#x27;120&#x27;]]]</span><br/><span class="error">E           </span><br/><span class="error">E           -    [&#x27;height&#x27;, &#x27;83&#x27;],</span><br/><span class="error">E           ?                ^^</span><br/><span class="error">E           +    [&#x27;height&#x27;, &#x27;110&#x27;],</span><br/><span class="error">E           ?                ^^^</span><br/><span class="error">E           -    [&#x27;width&#x27;, &#x27;185&#x27;]]],</span><br/><span class="error">E           ?                ^^</span><br/><span class="error">E           +    [&#x27;width&#x27;, &#x27;120&#x27;]]],</span><br/><span class="error">E           ?                ^^</span><br/><span class="error">E           *</span><br/><span class="error">E           *** Exception: &lt;Level 3&gt; Visual Diff Failure:</span><br/><span class="error">E           * HTML tag attribute values don&#x27;t match the baseline!</span><br/><br/>..\..\..\miniconda\envs\project\lib\site-packages\seleniumbase\fixtures\base_case.py:10528: Exception<br/></div></td></tr></tbody>
      <tbody class="xfailed results-table-row">
        <tr>
          <td class="col-result">XFailed</td>
          <td class="col-name">test_xfail.py::XFailTests::test_xfail</td>
          <td class="col-duration">1.97</td>
          <td class="col-links"><a class="url" href="https://xkcd.com/376/" target="_blank">URL</a> <a class="image" href="assets/test_xfail.py__XFailTests__test_xfail_1_0.png" target="_blank">Screenshot</a> </td></tr>
        <tr>
          <td class="extra" colspan="4">
            <div class="image"><a href="assets/test_xfail.py__XFailTests__test_xfail_1_0.png"><img src="assets/test_xfail.py__XFailTests__test_xfail_1_0.png"/></a></div>
            <div class="log">self = &lt;SeleniumBase.test_xfail.XFailTests testMethod=test_xfail&gt;<br/><br/>    @pytest.mark.xfail<br/>    def test_xfail(self):<br/>        self.open(&quot;https://xkcd.com/376/&quot;)<br/>        self.sleep(1)  # Time to read the comic<br/>&gt;       self.fail(&quot;There is a known bug here!&quot;)<br/><span class="error">E       AssertionError: There is a known bug here!</span><br/><br/>test_xfail.py:15: AssertionError<br/></div></td></tr></tbody>
      <tbody class="skipped results-table-row">
        <tr>
          <td class="col-result">Skipped</td>
          <td class="col-name">edge_test.py::EdgeTests::test_edge</td>
          <td class="col-duration">0.10</td>
          <td class="col-links"></td></tr>
        <tr>
          <td class="extra" colspan="4">
            <div class="log">(&#x27;C:\\Users\\ZAID\\Documents\\coding\\SeleniumBase\\edge_test.py&#x27;, 9, &#x27;Skipped: Use &quot;--edge&quot; or &quot;--browser=edge&quot;&#x27;)<br/></div></td></tr></tbody>
      <tbody class="skipped results-table-row">
        <tr>
          <td class="col-result">Skipped</td>
          <td class="col-name">test_download_files.py::DownloadTests::test_download_files_from_pypi_with_edge</td>
          <td class="col-duration">0.12</td>
          <td class="col-links"></td></tr>
        <tr>
          <td class="extra" colspan="4">
            <div class="log">(&#x27;C:\\Users\\ZAID\\Documents\\coding\\SeleniumBase\\test_download_files.py&#x27;, 22, &#x27;Skipped: Use &quot;--edge&quot; or &quot;--browser=edge&quot;&#x27;)<br/></div></td></tr></tbody>
      <tbody class="skipped results-table-row">
        <tr>
          <td class="col-result">Skipped</td>
          <td class="col-name">test_skype_site.py::SkypeTests::test_skype_mobile_site</td>
          <td class="col-duration">0.09</td>
          <td class="col-links"></td></tr>
        <tr>
          <td class="extra" colspan="4">
            <div class="log">(&#x27;C:\\Users\\ZAID\\Documents\\coding\\SeleniumBase\\test_skype_site.py&#x27;, 13, &#x27;Skipped: Use &quot;--mobile&quot; to run this test in Mobile Mode!&#x27;)<br/></div></td></tr></tbody>
      <tbody class="passed results-table-row">
        <tr>
          <td class="col-result">Passed</td>
          <td class="col-name">image_test.py::ImageTests::test_pull_image_from_website</td>
          <td class="col-duration">1.74</td>
          <td class="col-links"></td></tr>
        <tr>
          <td class="extra" colspan="4">
            <div class="empty log">No log output captured.</div></td></tr></tbody>
      <tbody class="passed results-table-row">
        <tr>
          <td class="col-result">Passed</td>
          <td class="col-name">image_test.py::ImageTests::test_add_text_overlay_to_image</td>
          <td class="col-duration">0.47</td>
          <td class="col-links"></td></tr>
        <tr>
          <td class="extra" colspan="4">
            <div class="empty log">No log output captured.</div></td></tr></tbody>
      <tbody class="passed results-table-row">
        <tr>
          <td class="col-result">Passed</td>
          <td class="col-name">image_test.py::ImageTests::test_add_text_overlay_to_page_section</td>
          <td class="col-duration">0.37</td>
          <td class="col-links"></td></tr>
        <tr>
          <td class="extra" colspan="4">
            <div class="empty log">No log output captured.</div></td></tr></tbody>
      <tbody class="passed results-table-row">
        <tr>
          <td class="col-result">Passed</td>
          <td class="col-name">image_test.py::ImageTests::test_add_text_overlay_to_full_page</td>
          <td class="col-duration">2.25</td>
          <td class="col-links"></td></tr>
        <tr>
          <td class="extra" colspan="4">
            <div class="empty log">No log output captured.</div></td></tr></tbody>
      <tbody class="passed results-table-row">
        <tr>
          <td class="col-result">Passed</td>
          <td class="col-name">basic_test.py::MyTestClass::test_basics</td>
          <td class="col-duration">1.13</td>
          <td class="col-links"></td></tr>
        <tr>
          <td class="extra" colspan="4">
            <div class="empty log">No log output captured.</div></td></tr></tbody>
      <tbody class="passed results-table-row">
        <tr>
          <td class="col-result">Passed</td>
          <td class="col-name">fail_if_old_driver_test.py::ChromedriverTests::test_fail_if_using_an_old_chromedriver</td>
          <td class="col-duration">0.08</td>
          <td class="col-links"></td></tr>
        <tr>
          <td class="extra" colspan="4">
            <div class="empty log">No log output captured.</div></td></tr></tbody>
      <tbody class="passed results-table-row">
        <tr>
          <td class="col-result">Passed</td>
          <td class="col-name">github_test.py::GitHubTests::test_github</td>
          <td class="col-duration">8.04</td>
          <td class="col-links"></td></tr>
        <tr>
          <td class="extra" colspan="4">
            <div class="empty log">No log output captured.</div></td></tr></tbody>
      <tbody class="passed results-table-row">
        <tr>
          <td class="col-result">Passed</td>
          <td class="col-name">handle_alert_test.py::HandleAlertTests::test_alerts</td>
          <td class="col-duration">4.21</td>
          <td class="col-links"></td></tr>
        <tr>
          <td class="extra" colspan="4">
            <div class="empty log">No log output captured.</div></td></tr></tbody>
      <tbody class="passed results-table-row">
        <tr>
          <td class="col-result">Passed</td>
          <td class="col-name">list_assert_test.py::MyTestClass::test_assert_list_of_elements</td>
          <td class="col-duration">1.24</td>
          <td class="col-links"></td></tr>
        <tr>
          <td class="extra" colspan="4">
            <div class="empty log">No log output captured.</div></td></tr></tbody>
      <tbody class="passed results-table-row">
        <tr>
          <td class="col-result">Passed</td>
          <td class="col-name">locale_code_test.py::LocaleCodeTests::test_locale_code</td>
          <td class="col-duration">7.55</td>
          <td class="col-links"></td></tr>
        <tr>
          <td class="extra" colspan="4">
            <div class="empty log">No log output captured.</div></td></tr></tbody>
      <tbody class="passed results-table-row">
        <tr>
          <td class="col-result">Passed</td>
          <td class="col-name">my_first_test.py::MyTestClass::test_swag_labs</td>
          <td class="col-duration">1.19</td>
          <td class="col-links"></td></tr>
        <tr>
          <td class="extra" colspan="4">
            <div class="empty log">No log output captured.</div></td></tr></tbody>
      <tbody class="passed results-table-row">
        <tr>
          <td class="col-result">Passed</td>
          <td class="col-name">nth_child_test.py::NthChildSelectorTests::test_locate_rows_with_colors</td>
          <td class="col-duration">33.30</td>
          <td class="col-links"></td></tr>
        <tr>
          <td class="extra" colspan="4">
            <div class="empty log">No log output captured.</div></td></tr></tbody>
      <tbody class="passed results-table-row">
        <tr>
          <td class="col-result">Passed</td>
          <td class="col-name">parameterized_test.py::GoogleTests::test_parameterized_google_search_0_Download_Python</td>
          <td class="col-duration">4.79</td>
          <td class="col-links"></td></tr>
        <tr>
          <td class="extra" colspan="4">
            <div class="empty log">No log output captured.</div></td></tr></tbody>
      <tbody class="passed results-table-row">
        <tr>
          <td class="col-result">Passed</td>
          <td class="col-name">parameterized_test.py::GoogleTests::test_parameterized_google_search_1_Wikipedia</td>
          <td class="col-duration">3.45</td>
          <td class="col-links"></td></tr>
        <tr>
          <td class="extra" colspan="4">
            <div class="empty log">No log output captured.</div></td></tr></tbody>
      <tbody class="passed results-table-row">
        <tr>
          <td class="col-result">Passed</td>
          <td class="col-name">parameterized_test.py::GoogleTests::test_parameterized_google_search_2_SeleniumBase_GitHub_com</td>
          <td class="col-duration">6.39</td>
          <td class="col-links"></td></tr>
        <tr>
          <td class="extra" colspan="4">
            <div class="empty log">No log output captured.</div></td></tr></tbody>
      <tbody class="passed results-table-row">
        <tr>
          <td class="col-result">Passed</td>
          <td class="col-name">proxy_test.py::ProxyTests::test_proxy</td>
          <td class="col-duration">9.66</td>
          <td class="col-links"></td></tr>
        <tr>
          <td class="extra" colspan="4">
            <div class="empty log">No log output captured.</div></td></tr></tbody>
      <tbody class="passed results-table-row">
        <tr>
          <td class="col-result">Passed</td>
          <td class="col-name">rate_limiting_test.py::RateLimitingTests::test_rate_limited_printing</td>
          <td class="col-duration">2.41</td>
          <td class="col-links"></td></tr>
        <tr>
          <td class="extra" colspan="4">
            <div class="empty log">No log output captured.</div></td></tr></tbody>
      <tbody class="passed results-table-row">
        <tr>
          <td class="col-result">Passed</td>
          <td class="col-name">shadow_root_test.py::ShadowRootTest::test_shadow_root</td>
          <td class="col-duration">0.79</td>
          <td class="col-links"></td></tr>
        <tr>
          <td class="extra" colspan="4">
            <div class="empty log">No log output captured.</div></td></tr></tbody>
      <tbody class="passed results-table-row">
        <tr>
          <td class="col-result">Passed</td>
          <td class="col-name">swag_labs_suite.py::SwagLabsTests::test_swag_labs_basic_flow_0_standard_user</td>
          <td class="col-duration">2.10</td>
          <td class="col-links"></td></tr>
        <tr>
          <td class="extra" colspan="4">
            <div class="empty log">No log output captured.</div></td></tr></tbody>
      <tbody class="passed results-table-row">
        <tr>
          <td class="col-result">Passed</td>
          <td class="col-name">test_agent.py::UserAgentTests::test_user_agent</td>
          <td class="col-duration">9.35</td>
          <td class="col-links"></td></tr>
        <tr>
          <td class="extra" colspan="4">
            <div class="empty log">No log output captured.</div></td></tr></tbody>
      <tbody class="passed results-table-row">
        <tr>
          <td class="col-result">Passed</td>
          <td class="col-name">test_apple_site.py::AppleTests::test_apple_developer_site_webdriver_instructions</td>
          <td class="col-duration">32.40</td>
          <td class="col-links"></td></tr>
        <tr>
          <td class="extra" colspan="4">
            <div class="empty log">No log output captured.</div></td></tr></tbody>
      <tbody class="passed results-table-row">
        <tr>
          <td class="col-result">Passed</td>
          <td class="col-name">test_canvas.py::CanvasTests::test_canvas_actions</td>
          <td class="col-duration">3.99</td>
          <td class="col-links"></td></tr>
        <tr>
          <td class="extra" colspan="4">
            <div class="empty log">No log output captured.</div></td></tr></tbody>
      <tbody class="passed results-table-row">
        <tr>
          <td class="col-result">Passed</td>
          <td class="col-name">test_canvas.py::CanvasTests::test_canvas_click</td>
          <td class="col-duration">2.86</td>
          <td class="col-links"></td></tr>
        <tr>
          <td class="extra" colspan="4">
            <div class="empty log">No log output captured.</div></td></tr></tbody>
      <tbody class="passed results-table-row">
        <tr>
          <td class="col-result">Passed</td>
          <td class="col-name">test_checkboxes.py::CheckboxTests::test_checkboxes_and_radio_buttons</td>
          <td class="col-duration">2.47</td>
          <td class="col-links"></td></tr>
        <tr>
          <td class="extra" colspan="4">
            <div class="empty log">No log output captured.</div></td></tr></tbody>
      <tbody class="passed results-table-row">
        <tr>
          <td class="col-result">Passed</td>
          <td class="col-name">test_chinese_pdf.py::ChinesePdfTests::test_chinese_pdf</td>
          <td class="col-duration">4.87</td>
          <td class="col-links"></td></tr>
        <tr>
          <td class="extra" colspan="4">
            <div class="empty log">No log output captured.</div></td></tr></tbody>
      <tbody class="passed results-table-row">
        <tr>
          <td class="col-result">Passed</td>
          <td class="col-name">test_chromedriver.py::ChromedriverTests::test_chromedriver_matches_chrome</td>
          <td class="col-duration">0.01</td>
          <td class="col-links"></td></tr>
        <tr>
          <td class="extra" colspan="4">
            <div class="empty log">No log output captured.</div></td></tr></tbody>
      <tbody class="passed results-table-row">
        <tr>
          <td class="col-result">Passed</td>
          <td class="col-name">test_contains_selector.py::ContainsSelectorTests::test_contains_selector</td>
          <td class="col-duration">3.89</td>
          <td class="col-links"></td></tr>
        <tr>
          <td class="extra" colspan="4">
            <div class="empty log">No log output captured.</div></td></tr></tbody>
      <tbody class="passed results-table-row">
        <tr>
          <td class="col-result">Passed</td>
          <td class="col-name">test_decryption.py::DecryptionTests::test_decrypt_password</td>
          <td class="col-duration">0.47</td>
          <td class="col-links"></td></tr>
        <tr>
          <td class="extra" colspan="4">
            <div class="empty log">No log output captured.</div></td></tr></tbody>
      <tbody class="passed results-table-row">
        <tr>
          <td class="col-result">Passed</td>
          <td class="col-name">test_demo_site.py::DemoSiteTests::test_demo_site</td>
          <td class="col-duration">9.79</td>
          <td class="col-links"></td></tr>
        <tr>
          <td class="extra" colspan="4">
            <div class="empty log">No log output captured.</div></td></tr></tbody>
      <tbody class="passed results-table-row">
        <tr>
          <td class="col-result">Passed</td>
          <td class="col-name">test_docs_site.py::DocsSiteTests::test_docs</td>
          <td class="col-duration">5.30</td>
          <td class="col-links"></td></tr>
        <tr>
          <td class="extra" colspan="4">
            <div class="empty log">No log output captured.</div></td></tr></tbody>
      <tbody class="passed results-table-row">
        <tr>
          <td class="col-result">Passed</td>
          <td class="col-name">test_double_click.py::DoubleClickTests::test_switch_to_frame_and_double_click</td>
          <td class="col-duration">1.19</td>
          <td class="col-links"></td></tr>
        <tr>
          <td class="extra" colspan="4">
            <div class="empty log">No log output captured.</div></td></tr></tbody>
      <tbody class="passed results-table-row">
        <tr>
          <td class="col-result">Passed</td>
          <td class="col-name">test_double_click.py::DoubleClickTests::test_switch_to_frame_of_element_and_double_click</td>
          <td class="col-duration">0.70</td>
          <td class="col-links"></td></tr>
        <tr>
          <td class="extra" colspan="4">
            <div class="empty log">No log output captured.</div></td></tr></tbody>
      <tbody class="passed results-table-row">
        <tr>
          <td class="col-result">Passed</td>
          <td class="col-name">test_download_files.py::DownloadTests::test_download_chromedriver_notes</td>
          <td class="col-duration">2.18</td>
          <td class="col-links"></td></tr>
        <tr>
          <td class="extra" colspan="4">
            <div class="empty log">No log output captured.</div></td></tr></tbody>
      <tbody class="passed results-table-row">
        <tr>
          <td class="col-result">Passed</td>
          <td class="col-name">test_drag_and_drop.py::DragAndDropTests::test_drag_and_drop</td>
          <td class="col-duration">1.54</td>
          <td class="col-links"></td></tr>
        <tr>
          <td class="extra" colspan="4">
            <div class="empty log">No log output captured.</div></td></tr></tbody>
      <tbody class="passed results-table-row">
        <tr>
          <td class="col-result">Passed</td>
          <td class="col-name">test_drag_and_drop.py::DragAndDropTests::test_w3schools_drag_and_drop</td>
          <td class="col-duration">2.50</td>
          <td class="col-links"></td></tr>
        <tr>
          <td class="extra" colspan="4">
            <div class="empty log">No log output captured.</div></td></tr></tbody>
      <tbody class="passed results-table-row">
        <tr>
          <td class="col-result">Passed</td>
          <td class="col-name">test_error_page.py::ErrorPageTests::test_error_page</td>
          <td class="col-duration">7.78</td>
          <td class="col-links"></td></tr>
        <tr>
          <td class="extra" colspan="4">
            <div class="empty log">No log output captured.</div></td></tr></tbody>
      <tbody class="passed results-table-row">
        <tr>
          <td class="col-result">Passed</td>
          <td class="col-name">test_event_firing.py::EventFiringTests::test_event_firing_webdriver</td>
          <td class="col-duration">6.57</td>
          <td class="col-links"></td></tr>
        <tr>
          <td class="extra" colspan="4">
            <div class="empty log">No log output captured.</div></td></tr></tbody>
      <tbody class="passed results-table-row">
        <tr>
          <td class="col-result">Passed</td>
          <td class="col-name">test_get_locale_code.py::LocaleTests::test_get_locale_code</td>
          <td class="col-duration">4.85</td>
          <td class="col-links"></td></tr>
        <tr>
          <td class="extra" colspan="4">
            <div class="empty log">No log output captured.</div></td></tr></tbody>
      <tbody class="passed results-table-row">
        <tr>
          <td class="col-result">Passed</td>
          <td class="col-name">test_get_pdf_text.py::PdfTests::test_get_pdf_text</td>
          <td class="col-duration">1.06</td>
          <td class="col-links"></td></tr>
        <tr>
          <td class="extra" colspan="4">
            <div class="empty log">No log output captured.</div></td></tr></tbody>
      <tbody class="passed results-table-row">
        <tr>
          <td class="col-result">Passed</td>
          <td class="col-name">test_get_user_agent.py::UserAgentTests::test_get_user_agent</td>
          <td class="col-duration">4.62</td>
          <td class="col-links"></td></tr>
        <tr>
          <td class="extra" colspan="4">
            <div class="empty log">No log output captured.</div></td></tr></tbody>
      <tbody class="passed results-table-row">
        <tr>
          <td class="col-result">Passed</td>
          <td class="col-name">test_hack_search.py::HackingTests::test_hack_search</td>
          <td class="col-duration">12.78</td>
          <td class="col-links"></td></tr>
        <tr>
          <td class="extra" colspan="4">
            <div class="empty log">No log output captured.</div></td></tr></tbody>
      <tbody class="passed results-table-row">
        <tr>
          <td class="col-result">Passed</td>
          <td class="col-name">test_iframes.py::FrameTests::test_iframe_basics</td>
          <td class="col-duration">2.19</td>
          <td class="col-links"></td></tr>
        <tr>
          <td class="extra" colspan="4">
            <div class="empty log">No log output captured.</div></td></tr></tbody>
      <tbody class="passed results-table-row">
        <tr>
          <td class="col-result">Passed</td>
          <td class="col-name">test_iframes.py::FrameTests::test_set_content_to_frame</td>
          <td class="col-duration">4.99</td>
          <td class="col-links"></td></tr>
        <tr>
          <td class="extra" colspan="4">
            <div class="empty log">No log output captured.</div></td></tr></tbody>
      <tbody class="passed results-table-row">
        <tr>
          <td class="col-result">Passed</td>
          <td class="col-name">test_inspect_html.py::HtmlInspectorTests::test_html_inspector</td>
          <td class="col-duration">1.96</td>
          <td class="col-links"></td></tr>
        <tr>
          <td class="extra" colspan="4">
            <div class="empty log">No log output captured.</div></td></tr></tbody>
      <tbody class="passed results-table-row">
        <tr>
          <td class="col-result">Passed</td>
          <td class="col-name">test_login.py::SwagLabsLoginTests::test_swag_labs_login</td>
          <td class="col-duration">0.49</td>
          <td class="col-links"></td></tr>
        <tr>
          <td class="extra" colspan="4">
            <div class="empty log">No log output captured.</div></td></tr></tbody>
      <tbody class="passed results-table-row">
        <tr>
          <td class="col-result">Passed</td>
          <td class="col-name">test_markers.py::MarkerTestSuite::test_A</td>
          <td class="col-duration">1.30</td>
          <td class="col-links"></td></tr>
        <tr>
          <td class="extra" colspan="4">
            <div class="empty log">No log output captured.</div></td></tr></tbody>
      <tbody class="passed results-table-row">
        <tr>
          <td class="col-result">Passed</td>
          <td class="col-name">test_markers.py::MarkerTestSuite::test_B</td>
          <td class="col-duration">2.01</td>
          <td class="col-links"></td></tr>
        <tr>
          <td class="extra" colspan="4">
            <div class="empty log">No log output captured.</div></td></tr></tbody>
      <tbody class="passed results-table-row">
        <tr>
          <td class="col-result">Passed</td>
          <td class="col-name">test_markers.py::MarkerTestSuite::test_C</td>
          <td class="col-duration">1.10</td>
          <td class="col-links"></td></tr>
        <tr>
          <td class="extra" colspan="4">
            <div class="empty log">No log output captured.</div></td></tr></tbody>
      <tbody class="passed results-table-row">
        <tr>
          <td class="col-result">Passed</td>
          <td class="col-name">test_markers.py::MarkerTestSuite::test_D</td>
          <td class="col-duration">1.28</td>
          <td class="col-links"></td></tr>
        <tr>
          <td class="extra" colspan="4">
            <div class="empty log">No log output captured.</div></td></tr></tbody>
      <tbody class="passed results-table-row">
        <tr>
          <td class="col-result">Passed</td>
          <td class="col-name">test_mfa_login.py::TestMFALogin::test_mfa_login</td>
          <td class="col-duration">4.05</td>
          <td class="col-links"></td></tr>
        <tr>
          <td class="extra" colspan="4">
            <div class="empty log">No log output captured.</div></td></tr></tbody>
      <tbody class="passed results-table-row">
        <tr>
          <td class="col-result">Passed</td>
          <td class="col-name">test_multiple_drivers.py::MultipleDriversTest::test_multiple_drivers</td>
          <td class="col-duration">5.35</td>
          <td class="col-links"></td></tr>
        <tr>
          <td class="extra" colspan="4">
            <div class="empty log">No log output captured.</div></td></tr></tbody>
      <tbody class="passed results-table-row">
        <tr>
          <td class="col-result">Passed</td>
          <td class="col-name">test_null.py::NullTests::test_null</td>
          <td class="col-duration">0.08</td>
          <td class="col-links"></td></tr>
        <tr>
          <td class="extra" colspan="4">
            <div class="empty log">No log output captured.</div></td></tr></tbody>
      <tbody class="passed results-table-row">
        <tr>
          <td class="col-result">Passed</td>
          <td class="col-name">test_override_driver.py::OverrideDriverTest::test_simple</td>
          <td class="col-duration">0.22</td>
          <td class="col-links"></td></tr>
        <tr>
          <td class="extra" colspan="4">
            <div class="empty log">No log output captured.</div></td></tr></tbody>
      <tbody class="passed results-table-row">
        <tr>
          <td class="col-result">Passed</td>
          <td class="col-name">test_parse_soup.py::SoupParsingTests::test_beautiful_soup_and_tinymce</td>
          <td class="col-duration">11.70</td>
          <td class="col-links"></td></tr>
        <tr>
          <td class="extra" colspan="4">
            <div class="empty log">No log output captured.</div></td></tr></tbody>
      <tbody class="passed results-table-row">
        <tr>
          <td class="col-result">Passed</td>
          <td class="col-name">test_pdf_asserts.py::PdfAssertTests::test_assert_pdf_text</td>
          <td class="col-duration">1.25</td>
          <td class="col-links"></td></tr>
        <tr>
          <td class="extra" colspan="4">
            <div class="empty log">No log output captured.</div></td></tr></tbody>
      <tbody class="passed results-table-row">
        <tr>
          <td class="col-result">Passed</td>
          <td class="col-name">test_pytest_parametrize.py::test_sb_fixture_with_no_class[pytest]</td>
          <td class="col-duration">2.51</td>
          <td class="col-links"></td></tr>
        <tr>
          <td class="extra" colspan="4">
            <div class="empty log">No log output captured.</div></td></tr></tbody>
      <tbody class="passed results-table-row">
        <tr>
          <td class="col-result">Passed</td>
          <td class="col-name">test_pytest_parametrize.py::test_sb_fixture_with_no_class[selenium]</td>
          <td class="col-duration">2.38</td>
          <td class="col-links"></td></tr>
        <tr>
          <td class="extra" colspan="4">
            <div class="empty log">No log output captured.</div></td></tr></tbody>
      <tbody class="passed results-table-row">
        <tr>
          <td class="col-result">Passed</td>
          <td class="col-name">test_pytest_parametrize.py::Test_SB_Fixture::test_sb_fixture_inside_class[pytest]</td>
          <td class="col-duration">2.05</td>
          <td class="col-links"></td></tr>
        <tr>
          <td class="extra" colspan="4">
            <div class="empty log">No log output captured.</div></td></tr></tbody>
      <tbody class="passed results-table-row">
        <tr>
          <td class="col-result">Passed</td>
          <td class="col-name">test_pytest_parametrize.py::Test_SB_Fixture::test_sb_fixture_inside_class[selenium]</td>
          <td class="col-duration">2.67</td>
          <td class="col-links"></td></tr>
        <tr>
          <td class="extra" colspan="4">
            <div class="empty log">No log output captured.</div></td></tr></tbody>
      <tbody class="passed results-table-row">
        <tr>
          <td class="col-result">Passed</td>
          <td class="col-name">test_repeat_tests.py::RepeatTests::test_repeat_this_test_with_parameterized_0</td>
          <td class="col-duration">1.59</td>
          <td class="col-links"></td></tr>
        <tr>
          <td class="extra" colspan="4">
            <div class="empty log">No log output captured.</div></td></tr></tbody>
      <tbody class="passed results-table-row">
        <tr>
          <td class="col-result">Passed</td>
          <td class="col-name">test_repeat_tests.py::RepeatTests::test_repeat_this_test_with_parameterized_1</td>
          <td class="col-duration">0.75</td>
          <td class="col-links"></td></tr>
        <tr>
          <td class="extra" colspan="4">
            <div class="empty log">No log output captured.</div></td></tr></tbody>
      <tbody class="passed results-table-row">
        <tr>
          <td class="col-result">Passed</td>
          <td class="col-name">test_repeat_tests.py::test_repeat_this_test_with_pytest_parametrize[0]</td>
          <td class="col-duration">0.54</td>
          <td class="col-links"></td></tr>
        <tr>
          <td class="extra" colspan="4">
            <div class="empty log">No log output captured.</div></td></tr></tbody>
      <tbody class="passed results-table-row">
        <tr>
          <td class="col-result">Passed</td>
          <td class="col-name">test_repeat_tests.py::test_repeat_this_test_with_pytest_parametrize[1]</td>
          <td class="col-duration">0.54</td>
          <td class="col-links"></td></tr>
        <tr>
          <td class="extra" colspan="4">
            <div class="empty log">No log output captured.</div></td></tr></tbody>
      <tbody class="passed results-table-row">
        <tr>
          <td class="col-result">Passed</td>
          <td class="col-name">test_repeat_tests.py::RepeatTestsWithPytest::test_repeat_test_with_pytest_parametrize[0]</td>
          <td class="col-duration">0.54</td>
          <td class="col-links"></td></tr>
        <tr>
          <td class="extra" colspan="4">
            <div class="empty log">No log output captured.</div></td></tr></tbody>
      <tbody class="passed results-table-row">
        <tr>
          <td class="col-result">Passed</td>
          <td class="col-name">test_repeat_tests.py::RepeatTestsWithPytest::test_repeat_test_with_pytest_parametrize[1]</td>
          <td class="col-duration">0.53</td>
          <td class="col-links"></td></tr>
        <tr>
          <td class="extra" colspan="4">
            <div class="empty log">No log output captured.</div></td></tr></tbody>
      <tbody class="passed results-table-row">
        <tr>
          <td class="col-result">Passed</td>
          <td class="col-name">test_request_sb_fixture.py::test_request_sb_fixture</td>
          <td class="col-duration">0.46</td>
          <td class="col-links"></td></tr>
        <tr>
          <td class="extra" colspan="4">
            <div class="empty log">No log output captured.</div></td></tr></tbody>
      <tbody class="passed results-table-row">
        <tr>
          <td class="col-result">Passed</td>
          <td class="col-name">test_request_sb_fixture.py::Test_Request_Fixture::test_request_sb_fixture_in_class</td>
          <td class="col-duration">0.46</td>
          <td class="col-links"></td></tr>
        <tr>
          <td class="extra" colspan="4">
            <div class="empty log">No log output captured.</div></td></tr></tbody>
      <tbody class="passed results-table-row">
        <tr>
          <td class="col-result">Passed</td>
          <td class="col-name">test_save_screenshots.py::ScreenshotTests::test_save_screenshot</td>
          <td class="col-duration">0.42</td>
          <td class="col-links"></td></tr>
        <tr>
          <td class="extra" colspan="4">
            <div class="empty log">No log output captured.</div></td></tr></tbody>
      <tbody class="passed results-table-row">
        <tr>
          <td class="col-result">Passed</td>
          <td class="col-name">test_save_screenshots.py::ScreenshotTests::test_save_screenshot_to_logs</td>
          <td class="col-duration">4.88</td>
          <td class="col-links"></td></tr>
        <tr>
          <td class="extra" colspan="4">
            <div class="empty log">No log output captured.</div></td></tr></tbody>
      <tbody class="passed results-table-row">
        <tr>
          <td class="col-result">Passed</td>
          <td class="col-name">test_sb_fixture.py::test_sb_fixture_with_no_class</td>
          <td class="col-duration">3.22</td>
          <td class="col-links"></td></tr>
        <tr>
          <td class="extra" colspan="4">
            <div class="empty log">No log output captured.</div></td></tr></tbody>
      <tbody class="passed results-table-row">
        <tr>
          <td class="col-result">Passed</td>
          <td class="col-name">test_sb_fixture.py::Test_SB_Fixture::test_sb_fixture_inside_class</td>
          <td class="col-duration">2.50</td>
          <td class="col-links"></td></tr>
        <tr>
          <td class="extra" colspan="4">
            <div class="empty log">No log output captured.</div></td></tr></tbody>
      <tbody class="passed results-table-row">
        <tr>
          <td class="col-result">Passed</td>
          <td class="col-name">test_shadow_dom.py::ShadowDomTests::test_shadow_dom</td>
          <td class="col-duration">12.17</td>
          <td class="col-links"></td></tr>
        <tr>
          <td class="extra" colspan="4">
            <div class="empty log">No log output captured.</div></td></tr></tbody>
      <tbody class="passed results-table-row">
        <tr>
          <td class="col-result">Passed</td>
          <td class="col-name">test_show_file_choosers.py::FileUpload::test_show_file_choosers</td>
          <td class="col-duration">6.34</td>
          <td class="col-links"></td></tr>
        <tr>
          <td class="extra" colspan="4">
            <div class="empty log">No log output captured.</div></td></tr></tbody>
      <tbody class="passed results-table-row">
        <tr>
          <td class="col-result">Passed</td>
          <td class="col-name">test_suite.py::MyTestSuite::test_1</td>
          <td class="col-duration">8.80</td>
          <td class="col-links"></td></tr>
        <tr>
          <td class="extra" colspan="4">
            <div class="empty log">No log output captured.</div></td></tr></tbody>
      <tbody class="passed results-table-row">
        <tr>
          <td class="col-result">Passed</td>
          <td class="col-name">test_suite.py::MyTestSuite::test_3</td>
          <td class="col-duration">3.10</td>
          <td class="col-links"></td></tr>
        <tr>
          <td class="extra" colspan="4">
            <div class="empty log">No log output captured.</div></td></tr></tbody>
      <tbody class="passed results-table-row">
        <tr>
          <td class="col-result">Passed</td>
          <td class="col-name">test_swag_labs.py::SwagLabsTests::test_swag_labs_basic_flow</td>
          <td class="col-duration">2.21</td>
          <td class="col-links"></td></tr>
        <tr>
          <td class="extra" colspan="4">
            <div class="empty log">No log output captured.</div></td></tr></tbody>
      <tbody class="passed results-table-row">
        <tr>
          <td class="col-result">Passed</td>
          <td class="col-name">test_tinymce.py::TinyMceTests::test_tinymce</td>
          <td class="col-duration">8.00</td>
          <td class="col-links"></td></tr>
        <tr>
          <td class="extra" colspan="4">
            <div class="empty log">No log output captured.</div></td></tr></tbody>
      <tbody class="passed results-table-row">
        <tr>
          <td class="col-result">Passed</td>
          <td class="col-name">test_todomvc.py::TodoMVC::test_todomvc_0_angularjs</td>
          <td class="col-duration">7.61</td>
          <td class="col-links"></td></tr>
        <tr>
          <td class="extra" colspan="4">
            <div class="empty log">No log output captured.</div></td></tr></tbody>
      <tbody class="passed results-table-row">
        <tr>
          <td class="col-result">Passed</td>
          <td class="col-name">test_todomvc.py::TodoMVC::test_todomvc_1_mithril</td>
          <td class="col-duration">4.59</td>
          <td class="col-links"></td></tr>
        <tr>
          <td class="extra" colspan="4">
            <div class="empty log">No log output captured.</div></td></tr></tbody>
      <tbody class="passed results-table-row">
        <tr>
          <td class="col-result">Passed</td>
          <td class="col-name">test_todomvc.py::TodoMVC::test_todomvc_2_react</td>
          <td class="col-duration">4.63</td>
          <td class="col-links"></td></tr>
        <tr>
          <td class="extra" colspan="4">
            <div class="empty log">No log output captured.</div></td></tr></tbody>
      <tbody class="passed results-table-row">
        <tr>
          <td class="col-result">Passed</td>
          <td class="col-name">test_todomvc.py::TodoMVC::test_todomvc_3_vue</td>
          <td class="col-duration">3.99</td>
          <td class="col-links"></td></tr>
        <tr>
          <td class="extra" colspan="4">
            <div class="empty log">No log output captured.</div></td></tr></tbody>
      <tbody class="passed results-table-row">
        <tr>
          <td class="col-result">Passed</td>
          <td class="col-name">test_usefixtures.py::Test_UseFixtures::test_usefixtures_on_class</td>
          <td class="col-duration">3.73</td>
          <td class="col-links"></td></tr>
        <tr>
          <td class="extra" colspan="4">
            <div class="empty log">No log output captured.</div></td></tr></tbody>
      <tbody class="passed results-table-row">
        <tr>
          <td class="col-result">Passed</td>
          <td class="col-name">test_window_switching.py::TabSwitchingTests::test_switch_to_tabs</td>
          <td class="col-duration">0.44</td>
          <td class="col-links"></td></tr>
        <tr>
          <td class="extra" colspan="4">
            <div class="empty log">No log output captured.</div></td></tr></tbody>
      <tbody class="passed results-table-row">
        <tr>
          <td class="col-result">Passed</td>
          <td class="col-name">test_xkcd.py::MyTestClass::test_xkcd</td>
          <td class="col-duration">5.12</td>
          <td class="col-links"></td></tr>
        <tr>
          <td class="extra" colspan="4">
            <div class="empty log">No log output captured.</div></td></tr></tbody>
      <tbody class="passed results-table-row">
        <tr>
          <td class="col-result">Passed</td>
          <td class="col-name">upload_file_test.py::FileUploadButtonTests::test_file_upload_button</td>
          <td class="col-duration">3.06</td>
          <td class="col-links"></td></tr>
        <tr>
          <td class="extra" colspan="4">
            <div class="empty log">No log output captured.</div></td></tr></tbody>
      <tbody class="passed results-table-row">
        <tr>
          <td class="col-result">Passed</td>
          <td class="col-name">user_agent_test.py::UserAgentTests::test_user_agent</td>
          <td class="col-duration">9.34</td>
          <td class="col-links"></td></tr>
        <tr>
          <td class="extra" colspan="4">
            <div class="empty log">No log output captured.</div></td></tr></tbody>
      <tbody class="passed results-table-row">
        <tr>
          <td class="col-result">Passed</td>
          <td class="col-name">wordle_test.py::WordleTests::test_wordle</td>
          <td class="col-duration">19.56</td>
          <td class="col-links"></td></tr>
        <tr>
          <td class="extra" colspan="4">
            <div class="empty log">No log output captured.</div></td></tr></tbody>
      <tbody class="passed results-table-row">
        <tr>
          <td class="col-result">Passed</td>
          <td class="col-name">xpath_test.py::XPathTests::test_xpath</td>
          <td class="col-duration">0.60</td>
          <td class="col-links"></td></tr>
        <tr>
          <td class="extra" colspan="4">
            <div class="empty log">No log output captured.</div></td></tr></tbody>
      <tbody class="passed results-table-row">
        <tr>
          <td class="col-result">Passed</td>
          <td class="col-name">boilerplates/boilerplate_test.py::MyTestClass::test_boilerplate</td>
          <td class="col-duration">0.10</td>
          <td class="col-links"></td></tr>
        <tr>
          <td class="extra" colspan="4">
            <div class="empty log">No log output captured.</div></td></tr></tbody>
      <tbody class="passed results-table-row">
        <tr>
          <td class="col-result">Passed</td>
          <td class="col-name">boilerplates/classic_obj_test.py::ObjTests::test_data_url_page</td>
          <td class="col-duration">0.21</td>
          <td class="col-links"></td></tr>
        <tr>
          <td class="extra" colspan="4">
            <div class="empty log">No log output captured.</div></td></tr></tbody>
      <tbody class="passed results-table-row">
        <tr>
          <td class="col-result">Passed</td>
          <td class="col-name">boilerplates/sb_fixture_test.py::ObjTests::test_data_url_page</td>
          <td class="col-duration">0.16</td>
          <td class="col-links"></td></tr>
        <tr>
          <td class="extra" colspan="4">
            <div class="empty log">No log output captured.</div></td></tr></tbody>
      <tbody class="passed results-table-row">
        <tr>
          <td class="col-result">Passed</td>
          <td class="col-name">boilerplates/samples/google_test.py::GoogleTests::test_google_dot_com</td>
          <td class="col-duration">2.48</td>
          <td class="col-links"></td></tr>
        <tr>
          <td class="extra" colspan="4">
            <div class="empty log">No log output captured.</div></td></tr></tbody>
      <tbody class="passed results-table-row">
        <tr>
          <td class="col-result">Passed</td>
          <td class="col-name">boilerplates/samples/sb_swag_test.py::MyTests::test_swag_labs_login</td>
          <td class="col-duration">0.44</td>
          <td class="col-links"></td></tr>
        <tr>
          <td class="extra" colspan="4">
            <div class="empty log">No log output captured.</div></td></tr></tbody>
      <tbody class="passed results-table-row">
        <tr>
          <td class="col-result">Passed</td>
          <td class="col-name">boilerplates/samples/swag_labs_test.py::MyTests::test_swag_labs_login</td>
          <td class="col-duration">0.41</td>
          <td class="col-links"></td></tr>
        <tr>
          <td class="extra" colspan="4">
            <div class="empty log">No log output captured.</div></td></tr></tbody>
      <tbody class="passed results-table-row">
        <tr>
          <td class="col-result">Passed</td>
          <td class="col-name">boilerplates/samples/test_page_objects.py::MyTests::test_page_objects</td>
          <td class="col-duration">4.95</td>
          <td class="col-links"></td></tr>
        <tr>
          <td class="extra" colspan="4">
            <div class="empty log">No log output captured.</div></td></tr></tbody>
      <tbody class="passed results-table-row">
        <tr>
          <td class="col-result">Passed</td>
          <td class="col-name">chart_maker/test_area_chart.py::MyChartMakerClass::test_area_chart</td>
          <td class="col-duration">9.26</td>
          <td class="col-links"></td></tr>
        <tr>
          <td class="extra" colspan="4">
            <div class="empty log">No log output captured.</div></td></tr></tbody>
      <tbody class="passed results-table-row">
        <tr>
          <td class="col-result">Passed</td>
          <td class="col-name">chart_maker/test_display_chart.py::MyChartMakerClass::test_display_chart</td>
          <td class="col-duration">10.66</td>
          <td class="col-links"></td></tr>
        <tr>
          <td class="extra" colspan="4">
            <div class="empty log">No log output captured.</div></td></tr></tbody>
      <tbody class="passed results-table-row">
        <tr>
          <td class="col-result">Passed</td>
          <td class="col-name">chart_maker/test_line_chart.py::MyChartMakerClass::test_line_chart</td>
          <td class="col-duration">8.37</td>
          <td class="col-links"></td></tr>
        <tr>
          <td class="extra" colspan="4">
            <div class="empty log">No log output captured.</div></td></tr></tbody>
      <tbody class="passed results-table-row">
        <tr>
          <td class="col-result">Passed</td>
          <td class="col-name">chart_maker/test_multi_series.py::MyChartMakerClass::test_multi_series</td>
          <td class="col-duration">9.26</td>
          <td class="col-links"></td></tr>
        <tr>
          <td class="extra" colspan="4">
            <div class="empty log">No log output captured.</div></td></tr></tbody>
      <tbody class="passed results-table-row">
        <tr>
          <td class="col-result">Passed</td>
          <td class="col-name">chart_maker/test_save_chart.py::MyChartMakerClass::test_save_chart</td>
          <td class="col-duration">0.09</td>
          <td class="col-links"></td></tr>
        <tr>
          <td class="extra" colspan="4">
            <div class="empty log">No log output captured.</div></td></tr></tbody>
      <tbody class="passed results-table-row">
        <tr>
          <td class="col-result">Passed</td>
          <td class="col-name">migration/protractor/example_test.py::AngularJSHomePageTests::test_greet_user</td>
          <td class="col-duration">2.57</td>
          <td class="col-links"></td></tr>
        <tr>
          <td class="extra" colspan="4">
            <div class="empty log">No log output captured.</div></td></tr></tbody>
      <tbody class="passed results-table-row">
        <tr>
          <td class="col-result">Passed</td>
          <td class="col-name">migration/protractor/example_test.py::AngularJSHomePageTests::test_todo_list</td>
          <td class="col-duration">1.17</td>
          <td class="col-links"></td></tr>
        <tr>
          <td class="extra" colspan="4">
            <div class="empty log">No log output captured.</div></td></tr></tbody>
      <tbody class="passed results-table-row">
        <tr>
          <td class="col-result">Passed</td>
          <td class="col-name">migration/protractor/input_test.py::AngularMaterialInputTests::test_invalid_input</td>
          <td class="col-duration">1.06</td>
          <td class="col-links"></td></tr>
        <tr>
          <td class="extra" colspan="4">
            <div class="empty log">No log output captured.</div></td></tr></tbody>
      <tbody class="passed results-table-row">
        <tr>
          <td class="col-result">Passed</td>
          <td class="col-name">migration/protractor/mat_paginator_test.py::AngularMaterialPaginatorTests::test_pagination</td>
          <td class="col-duration">0.92</td>
          <td class="col-links"></td></tr>
        <tr>
          <td class="extra" colspan="4">
            <div class="empty log">No log output captured.</div></td></tr></tbody>
      <tbody class="passed results-table-row">
        <tr>
          <td class="col-result">Passed</td>
          <td class="col-name">offline_examples/handle_alert_test.py::OfflineTests::test_alerts</td>
          <td class="col-duration">4.22</td>
          <td class="col-links"></td></tr>
        <tr>
          <td class="extra" colspan="4">
            <div class="empty log">No log output captured.</div></td></tr></tbody>
      <tbody class="passed results-table-row">
        <tr>
          <td class="col-result">Passed</td>
          <td class="col-name">offline_examples/load_html_test.py::OfflineTests::test_load_html_string</td>
          <td class="col-duration">0.74</td>
          <td class="col-links"></td></tr>
        <tr>
          <td class="extra" colspan="4">
            <div class="empty log">No log output captured.</div></td></tr></tbody>
      <tbody class="passed results-table-row">
        <tr>
          <td class="col-result">Passed</td>
          <td class="col-name">offline_examples/test_demo_page.py::OfflineTests::test_demo_page</td>
          <td class="col-duration">4.78</td>
          <td class="col-links"></td></tr>
        <tr>
          <td class="extra" colspan="4">
            <div class="empty log">No log output captured.</div></td></tr></tbody>
      <tbody class="passed results-table-row">
        <tr>
          <td class="col-result">Passed</td>
          <td class="col-name">offline_examples/test_request_fixture.py::test_request_fixture</td>
          <td class="col-duration">0.38</td>
          <td class="col-links"></td></tr>
        <tr>
          <td class="extra" colspan="4">
            <div class="empty log">No log output captured.</div></td></tr></tbody>
      <tbody class="passed results-table-row">
        <tr>
          <td class="col-result">Passed</td>
          <td class="col-name">offline_examples/test_request_fixture.py::RequestTests::test_request_fixture_in_class</td>
          <td class="col-duration">0.34</td>
          <td class="col-links"></td></tr>
        <tr>
          <td class="extra" colspan="4">
            <div class="empty log">No log output captured.</div></td></tr></tbody>
      <tbody class="passed results-table-row">
        <tr>
          <td class="col-result">Passed</td>
          <td class="col-name">offline_examples/user_agent_test.py::OfflineTests::test_get_user_agent</td>
          <td class="col-duration">0.15</td>
          <td class="col-links"></td></tr>
        <tr>
          <td class="extra" colspan="4">
            <div class="empty log">No log output captured.</div></td></tr></tbody>
      <tbody class="passed results-table-row">
        <tr>
          <td class="col-result">Passed</td>
          <td class="col-name">visual_testing/layout_test.py::VisualLayoutTests::test_applitools_layout_change</td>
          <td class="col-duration">4.06</td>
          <td class="col-links"></td></tr>
        <tr>
          <td class="extra" colspan="4">
            <div class="empty log">No log output captured.</div></td></tr></tbody>
      <tbody class="passed results-table-row">
        <tr>
          <td class="col-result">Passed</td>
          <td class="col-name">visual_testing/python_home_test.py::VisualLayoutTests::test_python_home_layout_change</td>
          <td class="col-duration">2.12</td>
          <td class="col-links"></td></tr>
        <tr>
          <td class="extra" colspan="4">
            <div class="empty log">No log output captured.</div></td></tr></tbody>
      <tbody class="passed results-table-row">
        <tr>
          <td class="col-result">Passed</td>
          <td class="col-name">visual_testing/xkcd_visual_test.py::VisualLayoutTests::test_xkcd_layout_change</td>
          <td class="col-duration">0.74</td>
          <td class="col-links"></td></tr>
        <tr>
          <td class="extra" colspan="4">
            <div class="empty log">No log output captured.</div></td></tr></tbody></table></body></html><p></p><div><b>Status:</b> Test Run Complete: <b>12 tests failed!</b> --- (<b><a href="latest_logs/">See latest logs for details</a></b>)</div><p></p>